# GETPAR_STA format version 1.0  of 2001.05.25
# /sgpvlbi/scratch/spool_dir/SPLFJQ
STA_GCX:  AGGO             X:   2765116922.21 -+      8.348  Y:  -4449233523.44 -+     10.081  Z:  -3626420493.36 -+      8.543 Obs_used:   23232 Obs_tot:   23967 Ses_used:    72 Ses_tot:    72 Date_beg: 2018.07.02 Date_end: 2020.12.10
STA_GCU:  AGGO             U:          -56.81 -+     14.489  E:          316.82 -+      4.093  N:           35.54 -+      4.198
STA_CRL:  AGGO             C:  -.820  -.738   .815  -.952   .820   .756   .806  -.983  -.822  -.839   .746  -.827  -.986  -.767   .834
STA_GCX:  AIRA_____080614  X:  -3530219781.10 -+      2.059  Y:   4118797436.48 -+      1.306  Z:   3344015673.47 -+      1.410 Obs_used:   44896 Obs_tot:   46108 Ses_used:    75 Ses_tot:    75 Date_beg: 2008.06.24 Date_end: 2010.08.26
STA_GCU:  AIRA_____080614  U:           63.91 -+      1.9036  E:           29.38 -+      1.595  N:           71.52 -+      1.330
STA_CRL:  AIRA_____080614  C:  -.234  -.359   .004   .445  -.317  -.324  -.195   .492   .221  -.777  -.243   .286   .421  -.750   .756
STA_GCX:  ALGOPARK         X:    918034601.44 -+      1.544  Y:  -4346132271.18 -+      1.035  Z:   4561971283.87 -+      1.056 Obs_used:  322765 Obs_tot:  328206 Ses_used:   712 Ses_tot:   712 Date_beg: 1984.08.24 Date_end: 2006.08.03
STA_GCU:  ALGOPARK         U:           10.08 -+      1.401  E:          137.94 -+      1.428  N:           67.07 -+      0.753
STA_CRL:  ALGOPARK         C:  -.448   .145  -.613   .704  -.281   .077  -.209   .599  -.432  -.235   .045  -.397   .534  -.039  -.254
STA_GCX:  AUSTINTX         X:   -737793596.37 -+      4.265  Y:  -5459892278.86 -+     18.227  Z:   3202990460.25 -+     10.653 Obs_used:     226 Obs_tot:     230 Ses_used:     1 Ses_tot:     1 Date_beg: 1987.07.11 Date_end: 1987.07.11
STA_GCU:  AUSTINTX         U:          -18.57 -+     20.801  E:          141.81 -+      3.441  N:          -15.49 -+      4.398
STA_CRL:  AUSTINTX         C:   .581  -.544  -.886   .000   .000   .000   .000   .000   .000   .000   .000   .000   .000   .000   .000
STA_GCX:  AZORES           X:   4552174663.13 -+      7.571  Y:  -2186664627.61 -+      4.229  Z:   3882779724.13 -+      6.671 Obs_used:     803 Obs_tot:     803 Ses_used:     5 Ses_tot:     5 Date_beg: 1992.05.29 Date_end: 1992.06.03
STA_GCU:  AZORES           U:          -10.24 -+     10.454  E:          155.40 -+      2.102  N:           10.61 -+      2.453
STA_CRL:  AZORES           C:  -.835   .887  -.783   .000   .000   .000   .000   .000   .000   .000   .000   .000   .000   .000   .000
STA_GCX:  BADARY           X:   -838201112.61 -+      1.829  Y:   3865751597.08 -+      0.934  Z:   4987670965.78 -+      1.050 Obs_used:  506814 Obs_tot:  520527 Ses_used:   498 Ses_tot:   498 Date_beg: 2007.03.01 Date_end: 2020.12.29
STA_GCU:  BADARY           U:           83.46 -+      0.913  E:            6.76 -+      1.747  N:           11.67 -+      1.197
STA_CRL:  BADARY           C:  -.254  -.119  -.364   .647  -.076  -.132  -.084   .408  -.203  -.078  -.092  -.156   .212  -.283   .107
STA_GCX:  BERMUDA          X:   2307209692.00 -+      9.287  Y:  -4874215848.86 -+     31.837  Z:   3394317907.76 -+     21.971 Obs_used:     718 Obs_tot:     730 Ses_used:     4 Ses_tot:     4 Date_beg: 1987.08.02 Date_end: 1987.08.08
STA_GCU:  BERMUDA          U:          -23.40 -+     39.116  E:          146.56 -+      6.356  N:          -17.42 -+      3.483
STA_CRL:  BERMUDA          C:  -.943   .928  -.984   .000   .000   .000   .000   .000   .000   .000   .000   .000   .000   .000   .000
STA_GCX:  BLKBUTTE         X:  -2306307079.44 -+     96.411  Y:  -4787914267.35 -+    195.686  Z:   3515736140.15 -+    138.569 Obs_used:    2119 Obs_tot:    2120 Ses_used:    11 Ses_tot:    11 Date_beg: 1983.11.08 Date_end: 1988.10.26
STA_GCU:  BLKBUTTE         U:          -67.68 -+    254.585  E:          242.18 -+     25.457  N:            8.01 -+     36.443
STA_CRL:  BLKBUTTE         C:   .956  -.928  -.951   .999   .955  -.927   .956   .999  -.951   .956  -.927  -.949   .999  -.928  -.951
STA_GCX:  BLOOMIND         X:    302384646.81 -+     22.351  Y:  -4941699065.90 -+     49.567  Z:   4007908473.89 -+     39.153 Obs_used:      72 Obs_tot:      73 Ses_used:     1 Ses_tot:     1 Date_beg: 1987.08.19 Date_end: 1987.08.19
STA_GCU:  BLOOMIND         U:          -23.28 -+     50.117  E:          129.73 -+     20.675  N:          -10.84 -+     39.372
STA_CRL:  BLOOMIND         C:  -.588  -.447  -.213   .000   .000   .000   .000   .000   .000   .000   .000   .000   .000   .000   .000
STA_GCX:  BR-VLBA          X:  -2112065102.44 -+      1.540  Y:  -3705356503.60 -+      0.976  Z:   4726813742.86 -+      0.992 Obs_used:  843395 Obs_tot:  860420 Ses_used:   330 Ses_tot:   330 Date_beg: 1993.04.21 Date_end: 2020.11.18
STA_GCU:  BR-VLBA          U:            9.20 -+      1.156  E:           93.14 -+      1.583  N:          104.90 -+      0.682
STA_CRL:  BR-VLBA          C:  -.374   .017  -.525   .714  -.206  -.048  -.155   .507  -.305  -.283  -.029  -.270   .395  -.098   .090
STA_GCX:  BREST            X:   4228877170.11 -+     13.107  Y:   -333104187.36 -+      2.747  Z:   4747180918.32 -+     13.086 Obs_used:     720 Obs_tot:     720 Ses_used:     4 Ses_tot:     4 Date_beg: 1989.08.30 Date_end: 1989.09.04
STA_GCU:  BREST            U:           -8.76 -+     18.179  E:          130.53 -+      2.999  N:           17.89 -+      3.336
STA_CRL:  BREST            C:   .078   .941   .074   .000   .000   .000   .000   .000   .000   .000   .000   .000   .000   .000   .000
STA_GCX:  CARNUSTY         X:   3526416435.23 -+     15.542  Y:   -171421125.95 -+      4.728  Z:   5294098775.55 -+     21.715 Obs_used:     159 Obs_tot:     159 Ses_used:     1 Ses_tot:     1 Date_beg: 1989.08.20 Date_end: 1989.08.20
STA_GCU:  CARNUSTY         U:           -4.42 -+     26.325  E:          105.30 -+      4.708  N:           18.54 -+      4.500
STA_CRL:  CARNUSTY         C:  -.098   .938  -.106   .000   .000   .000   .000   .000   .000   .000   .000   .000   .000   .000   .000
STA_GCX:  CARROLGA         X:    453520824.67 -+     10.136  Y:  -5300506730.92 -+     37.613  Z:   3507207388.97 -+     22.203 Obs_used:     121 Obs_tot:     128 Ses_used:     1 Ses_tot:     1 Date_beg: 1987.07.18 Date_end: 1987.07.18
STA_GCU:  CARROLGA         U:          -25.57 -+     42.924  E:          141.22 -+      9.425  N:          -16.67 -+      8.898
STA_CRL:  CARROLGA         C:  -.362   .468  -.902   .000   .000   .000   .000   .000   .000   .000   .000   .000   .000   .000   .000
STA_GCX:  CHICHI10_080614  X:  -4490618094.38 -+      2.572  Y:   3483908569.09 -+      1.789  Z:   2884899388.80 -+      1.722 Obs_used:   35627 Obs_tot:   36414 Ses_used:    55 Ses_tot:    55 Date_beg: 2008.06.24 Date_end: 2010.08.26
STA_GCU:  CHICHI10_080614  U:           51.68 -+      2.928  E:           33.66 -+      1.520  N:           87.92 -+      1.378
STA_CRL:  CHICHI10_080614  C:  -.488  -.553   .287   .657  -.591  -.520  -.500   .720   .446  -.862  -.515   .532   .620  -.825   .801
STA_GCX:  CHLBOLTN         X:   4008310197.51 -+      6.473  Y:   -100650923.50 -+      2.984  Z:   4943794573.14 -+      7.967 Obs_used:    1725 Obs_tot:    1811 Ses_used:     6 Ses_tot:     6 Date_beg: 1980.10.16 Date_end: 1980.10.22
STA_GCU:  CHLBOLTN         U:          -52.27 -+      9.768  E:          127.19 -+      2.929  N:           26.85 -+      3.207
STA_CRL:  CHLBOLTN         C:  -.354   .797  -.269   .000   .000   .000   .000   .000   .000   .000   .000   .000   .000   .000   .000
STA_GCX:  CRIMEA           X:   3785230713.01 -+      2.142  Y:   2551207796.38 -+      1.252  Z:   4439796581.12 -+      1.630 Obs_used:   71419 Obs_tot:   76675 Ses_used:   126 Ses_tot:   126 Date_beg: 1994.06.25 Date_end: 2015.10.06
STA_GCU:  CRIMEA           U:           76.12 -+      2.223  E:           98.41 -+      1.595  N:          -23.98 -+      1.151
STA_CRL:  CRIMEA           C:  -.014   .493   .325   .738   .220   .511   .156   .612   .378   .210   .346   .348   .640   .442   .525
STA_GCX:  CTVASBAY         X:   1091444703.06 -+      2.055  Y:  -4351283456.97 -+      4.932  Z:   4518707013.75 -+      4.743 Obs_used:     650 Obs_tot:     672 Ses_used:     5 Ses_tot:     5 Date_beg: 2002.05.29 Date_end: 2002.09.11
STA_GCU:  CTVASBAY         U:           -1.17 -+      6.714  E:          131.54 -+      1.662  N:           30.74 -+      1.793
STA_CRL:  CTVASBAY         C:  -.554   .508  -.870   .000   .000   .000   .000   .000   .000   .000   .000   .000   .000   .000   .000
STA_GCX:  CTVASTJ          X:   2612545518.43 -+      8.111  Y:  -3426878651.19 -+      7.631  Z:   4686756266.34 -+      6.850 Obs_used:    3797 Obs_tot:    3928 Ses_used:    30 Ses_tot:    30 Date_beg: 2002.11.13 Date_end: 2005.10.05
STA_GCU:  CTVASTJ          U:           10.76 -+      3.417  E:          169.55 -+      8.504  N:           64.35 -+      9.325
STA_CRL:  CTVASTJ          C:   .156  -.371   .603   .976   .188  -.438   .213   .964   .695   .206  -.474   .704   .933  -.497   .723
STA_GCX:  DEADMANL         X:  -2336820549.14 -+    308.370  Y:  -4732588467.01 -+    593.692  Z:   3570330864.45 -+    424.154 Obs_used:     621 Obs_tot:     628 Ses_used:     5 Ses_tot:     5 Date_beg: 1984.02.29 Date_end: 1988.02.02
STA_GCU:  DEADMANL         U:          -28.84 -+    778.374  E:          221.00 -+     84.261  N:           28.66 -+    120.426
STA_CRL:  DEADMANL         C:   .952  -.910  -.947   .000   .953  -.910   .952   .000  -.946   .953  -.909  -.947   .000  -.910  -.947
STA_GCX:  DSS13            X:  -2351112718.51 -+      1.787  Y:  -4655530575.17 -+      1.616  Z:   3660912739.20 -+      1.630 Obs_used:   13045 Obs_tot:   13866 Ses_used:    37 Ses_tot:    37 Date_beg: 2000.05.31 Date_end: 2019.09.24
STA_GCU:  DSS13            U:          -16.30 -+      2.121  E:          108.46 -+      1.731  N:           98.70 -+      0.983
STA_CRL:  DSS13            C:   .034  -.235  -.654   .531   .083  -.184   .059   .437  -.315   .357  -.131  -.311   .410  -.469  -.634
STA_GCX:  DSS15            X:  -2353538987.73 -+      3.616  Y:  -4641649351.52 -+      5.505  Z:   3676669962.36 -+      5.574 Obs_used:   19451 Obs_tot:   19866 Ses_used:    40 Ses_tot:    40 Date_beg: 1987.11.01 Date_end: 2009.12.08
STA_GCU:  DSS15            U:          -35.54 -+      7.705  E:          105.10 -+      2.864  N:           93.21 -+      2.621
STA_CRL:  DSS15            C:   .523  -.534  -.812   .730   .290  -.308   .351   .650  -.481   .358  -.378  -.486   .615  -.470  -.635
STA_GCX:  DSS15____920627  X:  -2353538994.73 -+      2.136  Y:  -4641649364.89 -+      2.347  Z:   3676669969.97 -+      2.263 Obs_used:       0 Obs_tot:       0 Ses_used:     0 Ses_tot:     0 Date_beg:            Date_end:           
STA_GCU:  DSS15____920627  U:          -18.83 -+      3.157  E:          104.90 -+      1.920  N:           90.66 -+      1.238
STA_CRL:  DSS15____920627  C:   .264  -.370  -.725   .831   .370  -.433   .320   .887  -.675   .358  -.358  -.645   .845  -.470  -.635
STA_GCX:  DSS34            X:  -4461147816.20 -+     23.330  Y:   2682439130.51 -+     17.385  Z:  -3674392645.68 -+     27.037 Obs_used:     169 Obs_tot:     189 Ses_used:     2 Ses_tot:     2 Date_beg: 2017.09.13 Date_end: 2017.10.03
STA_GCU:  DSS34            U:          193.55 -+     37.409  E:          251.07 -+      9.589  N:           21.38 -+      9.282
STA_CRL:  DSS34            C:  -.766   .902  -.841   .081   .007  -.008   .016   .022   .012  -.377  -.068   .001  -.009   .026  -.062
STA_GCX:  DSS36            X:  -4461168904.57 -+      3.141  Y:   2682814668.17 -+      2.062  Z:  -3674083239.40 -+      2.221 Obs_used:    2533 Obs_tot:    2624 Ses_used:     5 Ses_tot:     5 Date_beg: 2017.09.12 Date_end: 2019.11.19
STA_GCU:  DSS36            U:          -26.94 -+      3.334  E:           49.74 -+      1.778  N:          104.27 -+      2.185
STA_CRL:  DSS36            C:  -.451   .202  -.466   .255   .100  -.257   .067   .059   .034  -.377  -.235   .049  -.007   .026  -.062
STA_GCX:  DSS45            X:  -4460936082.57 -+      3.097  Y:   2682765691.03 -+      1.948  Z:  -3674380320.84 -+      2.026 Obs_used:   33436 Obs_tot:   33905 Ses_used:   127 Ses_tot:   127 Date_beg: 1988.05.23 Date_end: 2016.08.23
STA_GCU:  DSS45            U:           -8.93 -+      3.062  E:           44.23 -+      1.769  N:          112.85 -+      2.233
STA_CRL:  DSS45            C:  -.413   .091  -.374   .779  -.352   .136  -.300   .646  -.315  -.378   .147  -.347   .694   .026  -.062
STA_GCX:  DSS65            X:   4849336590.03 -+      2.897  Y:   -360488333.36 -+      1.241  Z:   4114749081.74 -+      2.546 Obs_used:   52060 Obs_tot:   52701 Ses_used:    85 Ses_tot:    85 Date_beg: 1988.08.31 Date_end: 2004.12.14
STA_GCU:  DSS65            U:           50.48 -+      3.592  E:          143.26 -+      1.216  N:           -7.87 -+      1.424
STA_CRL:  DSS65            C:  -.185   .724  -.090   .870  -.083   .651  -.069   .516  -.030  -.148   .555  -.028   .749   .543   .070
STA_GCX:  DSS65A           X:   4849339601.11 -+      1.761  Y:   -360427347.83 -+      0.981  Z:   4114750879.26 -+      1.021 Obs_used:   32158 Obs_tot:   32595 Ses_used:    37 Ses_tot:    37 Date_beg: 2005.09.05 Date_end: 2018.02.14
STA_GCU:  DSS65A           U:           50.09 -+      1.718  E:          143.72 -+      0.917  N:           -6.86 -+      1.145
STA_CRL:  DSS65A           C:  -.519   .349  -.409   .491  -.184   .184  -.187   .349  -.143  -.148   .090  -.075   .229   .544   .071
STA_GCX:  DSS65____970415  X:   4849336598.27 -+      2.315  Y:   -360488332.51 -+      1.105  Z:   4114749078.63 -+      1.847 Obs_used:       0 Obs_tot:       0 Ses_used:     0 Ses_tot:     0 Date_beg:            Date_end:           
STA_GCU:  DSS65____970415  U:           54.66 -+      2.690  E:          144.72 -+      1.060  N:          -15.53 -+      1.279
STA_CRL:  DSS65____970415  C:  -.319   .620  -.187   .828  -.119   .610  -.107   .482  -.059  -.148   .470  -.048   .710   .543   .070
STA_GCX:  EFLSBERG         X:   4033947343.21 -+      2.346  Y:    486990920.35 -+      1.095  Z:   4900431106.06 -+      2.078 Obs_used:   47652 Obs_tot:   48774 Ses_used:    53 Ses_tot:    53 Date_beg: 1980.07.26 Date_end: 2019.11.19
STA_GCU:  EFLSBERG         U:           62.34 -+      2.785  E:          119.27 -+      1.175  N:          -23.70 -+      1.374
STA_CRL:  EFLSBERG         C:  -.196   .637   .015   .773  -.087   .483  -.075   .453   .027  -.214   .394   .050   .627   .289   .130
STA_GCX:  EFLSBERG_961001  X:   4033947359.88 -+      1.793  Y:    486990926.64 -+      0.953  Z:   4900431122.82 -+      1.152 Obs_used:       0 Obs_tot:       0 Ses_used:     0 Ses_tot:     0 Date_beg:            Date_end:           
STA_GCU:  EFLSBERG_961001  U:           86.28 -+      1.642  E:          123.51 -+      1.063  N:          -26.39 -+      1.275
STA_CRL:  EFLSBERG_961001  C:  -.463   .363  -.282   .695  -.187   .357  -.163   .407  -.069  -.214   .197  -.042   .479   .289   .130
STA_GCX:  ELY              X:  -2077236481.60 -+     57.568  Y:  -4486712621.73 -+    123.178  Z:   4018753388.19 -+    102.190 Obs_used:    2228 Obs_tot:    2235 Ses_used:    12 Ses_tot:    12 Date_beg: 1984.04.22 Date_end: 1990.10.16
STA_GCU:  ELY              U:         -112.91 -+    167.283  E:          182.60 -+     18.909  N:          -30.11 -+     24.263
STA_CRL:  ELY              C:   .934  -.929  -.954   .998   .933  -.929   .934   .998  -.954   .936  -.929  -.953   .998  -.931  -.955
STA_GCX:  FD-VLBA          X:  -1324009201.78 -+      1.557  Y:  -5332181931.39 -+      0.976  Z:   3231962453.92 -+      0.965 Obs_used:  951002 Obs_tot:  971962 Ses_used:   369 Ses_tot:   369 Date_beg: 1992.01.13 Date_end: 2020.11.18
STA_GCU:  FD-VLBA          U:          -18.40 -+      1.095  E:          121.68 -+      1.626  N:           92.16 -+      0.681
STA_CRL:  FD-VLBA          C:  -.428   .055  -.541   .667  -.244  -.002  -.197   .520  -.314  -.339  -.001  -.242   .348  -.139  -.034
STA_GCX:  FLAGSTAF         X:  -1923992882.08 -+     54.678  Y:  -4850854784.64 -+    131.480  Z:   3658589238.88 -+    101.009 Obs_used:    1215 Obs_tot:    1217 Ses_used:     8 Ses_tot:     8 Date_beg: 1984.04.17 Date_end: 1990.11.06
STA_GCU:  FLAGSTAF         U:          -84.41 -+    171.380  E:          201.45 -+     19.833  N:          -17.68 -+     26.746
STA_CRL:  FLAGSTAF         C:   .921  -.893  -.945   .997   .922  -.892   .919   .997  -.942   .924  -.893  -.945   .998  -.896  -.946
STA_GCX:  FORT ORD         X:  -2697027256.74 -+     71.235  Y:  -4354392578.95 -+    113.636  Z:   3788078160.68 -+     98.081 Obs_used:    1876 Obs_tot:    1892 Ses_used:    11 Ses_tot:    11 Date_beg: 1983.08.25 Date_end: 1988.02.18
STA_GCU:  FORT ORD         U:         -215.13 -+    163.731  E:          171.15 -+     16.648  N:          -38.46 -+     22.861
STA_CRL:  FORT ORD         C:   .962  -.943  -.954   .998   .960  -.942   .960   .998  -.953   .962  -.942  -.952   .998  -.945  -.955
STA_GCX:  FORTLEZA         X:   4985370087.67 -+      1.777  Y:  -3955020255.21 -+      1.094  Z:   -428472049.40 -+      0.934 Obs_used:  683468 Obs_tot:  701753 Ses_used:  2032 Ses_tot:  2032 Date_beg: 1993.04.21 Date_end: 2020.11.16
STA_GCU:  FORTLEZA         U:          -29.66 -+      1.844  E:          163.73 -+      0.914  N:           20.64 -+      0.997
STA_CRL:  FORTLEZA         C:  -.591   .327  -.608   .637  -.352   .150  -.233   .298  -.228  -.113   .067  -.210   .260   .292  -.144
STA_GCX:  FORTORDS         X:  -2699840747.83 -+     66.041  Y:  -4359126355.51 -+    105.377  Z:   3781051502.07 -+     90.879 Obs_used:    3437 Obs_tot:    3440 Ses_used:    19 Ses_tot:    19 Date_beg: 1988.11.08 Date_end: 1991.07.23
STA_GCU:  FORTORDS         U:         -224.96 -+    151.851  E:          174.89 -+     15.268  N:          -43.38 -+     20.801
STA_CRL:  FORTORDS         C:   .963  -.945  -.955   .995   .958  -.941   .958   .995  -.951   .962  -.941  -.950   .996  -.945  -.955
STA_GCX:  FORTORDS_891001  X:  -2699840731.25 -+     62.658  Y:  -4359126343.50 -+     99.980  Z:   3781051555.21 -+     86.379 Obs_used:       0 Obs_tot:       0 Ses_used:     0 Ses_tot:     0 Date_beg:            Date_end:           
STA_GCU:  FORTORDS_891001  U:         -208.49 -+    144.168  E:          182.66 -+     14.513  N:           10.57 -+     19.705
STA_CRL:  FORTORDS_891001  C:   .963  -.945  -.955   .998   .961  -.944   .961   .998  -.953   .962  -.944  -.954   .998  -.945  -.955
STA_GCX:  FTD 7900         X:  -1324227872.21 -+     18.880  Y:  -5332063160.83 -+     17.137  Z:   3232022885.21 -+     18.555 Obs_used:     443 Obs_tot:     448 Ses_used:     1 Ses_tot:     1 Date_beg: 1988.10.08 Date_end: 1988.10.08
STA_GCU:  FTD 7900         U:          -17.61 -+     15.368  E:          359.41 -+     19.130  N:          -54.40 -+     19.806
STA_CRL:  FTD 7900         C:  -.087   .023   .229   .977  -.207   .085  -.315   .640   .788  -.325   .092   .558   .905   .093   .872
STA_GCX:  GGAO12M          X:   1130730103.96 -+      1.604  Y:  -4831245896.87 -+      1.366  Z:   3994228332.55 -+      1.353 Obs_used:   97148 Obs_tot:  102282 Ses_used:    36 Ses_tot:    36 Date_beg: 2017.12.03 Date_end: 2020.06.24
STA_GCU:  GGAO12M          U:           -2.05 -+      1.858  E:          147.79 -+      1.460  N:           66.73 -+      0.828
STA_CRL:  GGAO12M          C:  -.416   .194  -.705   .229   .128  -.231   .060  -.610   .542  -.367  -.113   .536  -.631   .299  -.757
STA_GCX:  GGAO7108         X:   1130794628.75 -+      2.212  Y:  -4831233703.78 -+      3.727  Z:   3994217095.93 -+      3.691 Obs_used:   18755 Obs_tot:   20196 Ses_used:    72 Ses_tot:    72 Date_beg: 1993.04.27 Date_end: 2007.05.15
STA_GCU:  GGAO7108         U:          -38.69 -+      5.086  E:          120.32 -+      1.963  N:           59.59 -+      1.639
STA_CRL:  GGAO7108         C:  -.412   .346  -.826   .837  -.364   .324  -.353   .914  -.767  -.367   .307  -.756   .914   .299  -.757
STA_GCX:  GGAO7108_030101  X:   1130794399.84 -+      2.349  Y:  -4831232786.27 -+      5.269  Z:   3994216286.12 -+      4.197 Obs_used:       0 Obs_tot:       0 Ses_used:     0 Ses_tot:     0 Date_beg:            Date_end:           
STA_GCU:  GGAO7108_030101  U:        -1283.16 -+      6.635  E:          106.54 -+      1.967  N:           25.76 -+      1.735
STA_CRL:  GGAO7108_030101  C:  -.511   .437  -.870   .530  -.132   .133  -.175   .311  -.318  -.367   .134  -.247   .379   .299  -.757
STA_GCX:  GILCREEK         X:  -2281547603.46 -+      6.066  Y:  -1453645181.95 -+      5.929  Z:   5756993081.23 -+      5.990 Obs_used: 1059473 Obs_tot: 1074480 Ses_used:  1918 Ses_tot:  1918 Date_beg: 1984.07.07 Date_end: 2005.12.28
STA_GCU:  GILCREEK         U:           32.92 -+      6.041  E:           44.85 -+      5.991  N:           93.15 -+      5.953
STA_CRL:  GILCREEK         C:  -.008  -.011  -.022   .980   .001  -.017   .000   .979  -.020   .003  -.017  -.019   .979  -.022  -.013
STA_GCX:  GOLDVENU         X:  -2351129370.97 -+      3.362  Y:  -4655476917.10 -+      4.609  Z:   3660956890.69 -+      4.604 Obs_used:    2726 Obs_tot:    2778 Ses_used:    10 Ses_tot:    10 Date_beg: 1981.11.19 Date_end: 1991.08.12
STA_GCU:  GOLDVENU         U:          -13.96 -+      6.422  E:          100.40 -+      2.686  N:          108.67 -+      2.299
STA_CRL:  GOLDVENU         C:   .490  -.523  -.776   .791   .336  -.365   .365   .767  -.576   .357  -.403  -.576   .752  -.469  -.634
STA_GCX:  GORF7102         X:   1130686375.21 -+      2.802  Y:  -4831352925.28 -+      6.179  Z:   3994110986.94 -+      5.524 Obs_used:    2175 Obs_tot:    2184 Ses_used:     9 Ses_tot:     9 Date_beg: 1989.05.30 Date_end: 1992.06.16
STA_GCU:  GORF7102         U:          -46.91 -+      8.093  E:          114.74 -+      2.405  N:           57.24 -+      2.293
STA_CRL:  GORF7102         C:  -.474   .442  -.849   .761  -.257   .261  -.330   .668  -.619  -.367   .292  -.545   .737   .299  -.756
STA_GCX:  GRASSE           X:   4581697698.80 -+      8.118  Y:    556125751.64 -+      2.842  Z:   4389351370.66 -+      8.152 Obs_used:     616 Obs_tot:     616 Ses_used:     4 Ses_tot:     4 Date_beg: 1989.09.12 Date_end: 1989.09.16
STA_GCU:  GRASSE           U:          -19.19 -+     11.334  E:          144.43 -+      2.458  N:           24.82 -+      2.438
STA_CRL:  GRASSE           C:   .521   .908   .576   .000   .000   .000   .000   .000   .000   .000   .000   .000   .000   .000   .000
STA_GCX:  HALEAKAL         X:  -5465998559.90 -+     15.044  Y:  -2404407097.59 -+      7.430  Z:   2242229341.29 -+      8.460 Obs_used:     707 Obs_tot:     707 Ses_used:     3 Ses_tot:     3 Date_beg: 1988.06.25 Date_end: 1988.07.09
STA_GCU:  HALEAKAL         U:          -70.68 -+     17.683  E:          204.28 -+      3.921  N:           19.55 -+      5.006
STA_CRL:  HALEAKAL         C:   .820  -.774  -.667   .465   .271  -.523   .231   .468  -.300   .466  -.330  -.229   .660  -.734  -.390
STA_GCX:  HART15M          X:   5085490751.33 -+      2.267  Y:   2668161649.47 -+      1.186  Z:  -2768692576.19 -+      0.849 Obs_used:  604614 Obs_tot:  614771 Ses_used:   813 Ses_tot:   813 Date_beg: 2012.10.11 Date_end: 2020.12.22
STA_GCU:  HART15M          U:            7.22 -+      1.571  E:          157.76 -+      1.873  N:           33.31 -+      1.135
STA_CRL:  HART15M          C:  -.586   .197  -.371   .623  -.348   .066  -.227   .240  -.185  -.357  -.002  -.132   .054   .121   .368
STA_GCX:  HARTRAO          X:   5085442713.22 -+      2.288  Y:   2668263950.72 -+      1.196  Z:  -2768696703.94 -+      0.863 Obs_used:  387498 Obs_tot:  397857 Ses_used:  1259 Ses_tot:  1259 Date_beg: 1986.01.09 Date_end: 2020.11.18
STA_GCU:  HARTRAO          U:            7.57 -+      1.609  E:          158.04 -+      1.876  N:           32.63 -+      1.142
STA_CRL:  HARTRAO          C:  -.562   .177  -.377   .664  -.308   .026  -.206   .270  -.206  -.358  -.024  -.153   .108   .121   .370
STA_GCX:  HATCREEK         X:  -2523970050.60 -+     11.447  Y:  -4123506110.16 -+     19.070  Z:   4147752114.51 -+     18.235 Obs_used:   39453 Obs_tot:   39590 Ses_used:   178 Ses_tot:   178 Date_beg: 1983.06.06 Date_end: 1990.11.11
STA_GCU:  HATCREEK         U:         -370.27 -+     27.597  E:          210.80 -+      5.740  N:         -122.17 -+      5.718
STA_CRL:  HATCREEK         C:   .831  -.784  -.922   .990   .827  -.782   .828   .995  -.917   .825  -.779  -.915   .994  -.782  -.913
STA_GCX:  HAYSTACK         X:   1492404642.67 -+      3.528  Y:  -4457266453.21 -+      6.788  Z:   4296881867.56 -+      7.802 Obs_used:   27638 Obs_tot:   28367 Ses_used:    84 Ses_tot:    84 Date_beg: 1979.08.03 Date_end: 1992.06.29
STA_GCU:  HAYSTACK         U:          -15.42 -+      9.762  E:          185.29 -+      3.204  N:           29.91 -+      3.719
STA_CRL:  HAYSTACK         C:  -.386   .325  -.768   .904  -.365   .305  -.374   .961  -.734  -.375   .316  -.752   .958   .293  -.741
STA_GCX:  HN-VLBA          X:   1446374978.85 -+      1.537  Y:  -4447939609.20 -+      0.919  Z:   4322306234.60 -+      0.897 Obs_used:  775974 Obs_tot:  791333 Ses_used:   317 Ses_tot:   317 Date_beg: 1992.08.28 Date_end: 2020.11.18
STA_GCU:  HN-VLBA          U:            6.95 -+      1.268  E:          145.31 -+      1.345  N:           61.29 -+      0.772
STA_CRL:  HN-VLBA          C:  -.491   .156  -.534   .697  -.285   .053  -.217   .456  -.258  -.203   .024  -.221   .331  -.098  -.018
STA_GCX:  HOBART12         X:  -3949990883.28 -+      2.376  Y:   2522421193.24 -+      1.290  Z:  -4311707892.57 -+      1.230 Obs_used:  511952 Obs_tot:  522241 Ses_used:   725 Ses_tot:   725 Date_beg: 2010.10.07 Date_end: 2020.12.02
STA_GCU:  HOBART12         U:          -50.40 -+      1.531  E:           43.11 -+      1.555  N:          105.20 -+      2.015
STA_CRL:  HOBART12         C:  -.144  -.446  -.125   .626  -.041  -.341  -.041   .374  -.094  -.171  -.255  -.095   .360  -.460   .335
STA_GCX:  HOBART26         X:  -3950237460.58 -+      2.384  Y:   2522347669.60 -+      1.299  Z:  -4311561746.18 -+      1.238 Obs_used:  360170 Obs_tot:  370957 Ses_used:  1055 Ses_tot:  1055 Date_beg: 1989.09.26 Date_end: 2020.12.14
STA_GCU:  HOBART26         U:          -27.87 -+      1.552  E:           42.37 -+      1.556  N:          104.79 -+      2.018
STA_CRL:  HOBART26         C:  -.151  -.435  -.134   .635  -.052  -.323  -.049   .385  -.110  -.171  -.244  -.110   .389  -.464   .338
STA_GCX:  HOFN             X:   2679650303.83 -+      7.035  Y:   -727916434.66 -+      3.016  Z:   5722807196.29 -+     15.566 Obs_used:     528 Obs_tot:     528 Ses_used:     3 Ses_tot:     3 Date_beg: 1992.07.20 Date_end: 1992.07.27
STA_GCU:  HOFN             U:            4.60 -+     17.029  E:           80.90 -+      2.251  N:           11.85 -+      2.409
STA_CRL:  HOFN             C:  -.634   .936  -.618   .000   .000   .000   .000   .000   .000   .000   .000   .000   .000   .000   .000
STA_GCX:  HOHENFRG         X:   3778214907.25 -+      9.718  Y:    698644754.68 -+      3.584  Z:   5074053517.88 -+     12.873 Obs_used:     442 Obs_tot:     445 Ses_used:     2 Ses_tot:     2 Date_beg: 1989.06.21 Date_end: 1989.06.26
STA_GCU:  HOHENFRG         U:            0.56 -+     15.915  E:          122.14 -+      3.082  N:           24.02 -+      3.197
STA_CRL:  HOHENFRG         C:   .485   .912   .541   .000   .000   .000   .000   .000   .000   .000   .000   .000   .000   .000   .000
STA_GCX:  HOHNBERG         X:   4213687238.47 -+     13.844  Y:    820422993.01 -+      3.892  Z:   4702784206.97 -+     14.698 Obs_used:     146 Obs_tot:     146 Ses_used:     1 Ses_tot:     1 Date_beg: 1992.06.15 Date_end: 1992.06.15
STA_GCU:  HOHNBERG         U:            4.69 -+     20.113  E:          136.56 -+      2.945  N:           18.60 -+      3.107
STA_CRL:  HOHNBERG         C:   .639   .952   .670   .000   .000   .000   .000   .000   .000   .000   .000   .000   .000   .000   .000
STA_GCX:  HRAS 085         X:  -1324210872.14 -+     20.761  Y:  -5332023257.51 -+     12.541  Z:   3232118225.73 -+     18.942 Obs_used:  146529 Obs_tot:  148215 Ses_used:   724 Ses_tot:   724 Date_beg: 1980.04.11 Date_end: 1990.10.29
STA_GCU:  HRAS 085         U:          -16.15 -+      3.775  E:          373.23 -+     21.291  N:          -54.67 -+     21.898
STA_CRL:  HRAS 085         C:  -.314   .093   .846   .997  -.315   .094  -.321   .984   .865  -.325   .095   .860   .993   .093   .872
STA_GCX:  ISHIOKA          X:  -3959636066.23 -+      1.900  Y:   3296825456.60 -+      1.116  Z:   3747042730.06 -+      1.301 Obs_used:  420873 Obs_tot:  429866 Ses_used:   348 Ses_tot:   348 Date_beg: 2015.03.21 Date_end: 2020.05.13
STA_GCU:  ISHIOKA          U:           56.52 -+      1.652  E:           21.71 -+      1.408  N:           76.44 -+      1.356
STA_CRL:  ISHIOKA          C:  -.111  -.282  -.276   .369   .168  -.035   .106   .082  -.295  -.286  -.015  -.283   .046  -.487   .381
STA_GCX:  JPL MV1          X:  -2493306566.34 -+     65.484  Y:  -4655197253.95 -+    119.630  Z:   3565519578.14 -+     89.767 Obs_used:    3241 Obs_tot:    3273 Ses_used:    22 Ses_tot:    22 Date_beg: 1982.10.16 Date_end: 1988.11.05
STA_GCU:  JPL MV1          U:          -79.11 -+    161.329  E:          225.84 -+     14.947  N:          -46.42 -+     20.184
STA_CRL:  JPL MV1          C:   .966  -.953  -.960   .998   .965  -.952   .964   .998  -.959   .966  -.951  -.959   .998  -.953  -.961
STA_GCX:  KANOZAN          X:  -3991747531.69 -+     18.309  Y:   3355061684.76 -+     15.955  Z:   3661225411.13 -+     18.110 Obs_used:     129 Obs_tot:     153 Ses_used:     1 Ses_tot:     1 Date_beg: 1995.01.17 Date_end: 1995.01.17
STA_GCU:  KANOZAN          U:           48.13 -+     29.170  E:          136.80 -+      5.162  N:           37.16 -+      6.340
STA_CRL:  KANOZAN          C:  -.908  -.907   .851   .000   .000   .000   .000   .000   .000   .000   .000   .000   .000   .000   .000
STA_GCX:  KARLBURG         X:   3653204273.87 -+     13.647  Y:    884427613.09 -+      4.474  Z:   5135732119.03 -+     18.872 Obs_used:     337 Obs_tot:     337 Ses_used:     2 Ses_tot:     2 Date_beg: 1992.07.06 Date_end: 1992.07.07
STA_GCU:  KARLBURG         U:            6.82 -+     23.241  E:          118.89 -+      3.133  N:           17.88 -+      3.525
STA_CRL:  KARLBURG         C:   .695   .951   .680   .000   .000   .000   .000   .000   .000   .000   .000   .000   .000   .000   .000
STA_GCX:  KASHIM11         X:  -3997505704.23 -+      2.223  Y:   3276878482.03 -+      1.436  Z:   3724240682.02 -+      1.705 Obs_used:   96766 Obs_tot:  100998 Ses_used:   123 Ses_tot:   123 Date_beg: 1997.11.01 Date_end: 2019.05.21
STA_GCU:  KASHIM11         U:           48.80 -+      2.368  E:           26.79 -+      1.475  N:           73.34 -+      1.459
STA_CRL:  KASHIM11         C:  -.333  -.445   .137   .695  -.143  -.349  -.141   .558   .057  -.109  -.278   .058   .517  -.428   .211
STA_GCX:  KASHIM11_110311  X:  -3997506076.19 -+      1.943  Y:   3276877854.03 -+      1.174  Z:   3724240584.92 -+      1.351 Obs_used:       0 Obs_tot:       0 Ses_used:     0 Ses_tot:     0 Date_beg:            Date_end:           
STA_GCU:  KASHIM11_110311  U:          -97.63 -+      1.774  E:          748.27 -+      1.408  N:           59.59 -+      1.359
STA_CRL:  KASHIM11_110311  C:  -.160  -.318  -.181   .517   .084  -.140   .039   .289  -.212  -.109  -.102  -.212   .219  -.428   .211
STA_GCX:  KASHIM34         X:  -3997649279.89 -+      2.037  Y:   3276690849.33 -+      1.245  Z:   3724278815.73 -+      1.506 Obs_used:  155122 Obs_tot:  160514 Ses_used:   230 Ses_tot:   230 Date_beg: 1990.03.22 Date_end: 2010.08.26
STA_GCU:  KASHIM34         U:           49.17 -+      1.985  E:           26.34 -+      1.438  N:           73.95 -+      1.400
STA_CRL:  KASHIM34         C:  -.212  -.368  -.047   .720  -.136  -.358  -.131   .599   .034  -.110  -.274   .035   .527  -.429   .212
STA_GCX:  KASHIM34_080614  X:  -3997649289.46 -+      1.950  Y:   3276690853.32 -+      1.164  Z:   3724278832.07 -+      1.378 Obs_used:       0 Obs_tot:       0 Ses_used:     0 Ses_tot:     0 Date_beg:            Date_end:           
STA_GCU:  KASHIM34_080614  U:           66.79 -+      1.788  E:           29.32 -+      1.410  N:           81.35 -+      1.367
STA_CRL:  KASHIM34_080614  C:  -.157  -.322  -.174   .622  -.014  -.252  -.036   .442  -.103  -.110  -.185  -.105   .380  -.429   .212
STA_GCX:  KASHIM34_110311  X:  -3997649665.58 -+      1.898  Y:   3276690200.64 -+      1.118  Z:   3724278729.65 -+      1.296 Obs_used:       0 Obs_tot:       0 Ses_used:     0 Ses_tot:     0 Date_beg:            Date_end:           
STA_GCU:  KASHIM34_110311  U:          -92.79 -+      1.654  E:          772.53 -+      1.403  N:           70.58 -+      1.353
STA_CRL:  KASHIM34_110311  C:  -.110  -.283  -.283   .523   .095  -.140   .044   .300  -.228  -.110  -.100  -.228   .220  -.429   .212
STA_GCX:  KASHIMA          X:  -3997892313.92 -+      2.194  Y:   3276581363.83 -+      1.403  Z:   3724118207.90 -+      1.701 Obs_used:   78407 Obs_tot:   79665 Ses_used:   242 Ses_tot:   242 Date_beg: 1984.01.24 Date_end: 2001.02.15
STA_GCU:  KASHIMA          U:           52.59 -+      2.311  E:           27.87 -+      1.487  N:           74.15 -+      1.458
STA_CRL:  KASHIMA          C:  -.299  -.433   .111   .756  -.199  -.402  -.191   .651   .115  -.109  -.324   .109   .585  -.428   .211
STA_GCX:  KATH12M          X:  -4147354766.05 -+      2.307  Y:   4581542360.23 -+      1.216  Z:  -1573303066.41 -+      1.303 Obs_used:  823954 Obs_tot:  837770 Ses_used:   990 Ses_tot:   990 Date_beg: 2011.06.16 Date_end: 2020.08.12
STA_GCU:  KATH12M          U:           19.29 -+      1.727  E:           68.66 -+      1.840  N:          105.69 -+      1.460
STA_CRL:  KATH12M          C:  -.074  -.422  -.144   .562   .076  -.302   .044   .269  -.093  -.259  -.243  -.059   .311  -.298   .158
STA_GCX:  KAUAI            X:  -5543846086.19 -+      6.794  Y:  -2054562712.50 -+      3.725  Z:   2387814701.86 -+      5.769 Obs_used:  123245 Obs_tot:  124408 Ses_used:   421 Ses_tot:   421 Date_beg: 1984.07.07 Date_end: 1994.03.14
STA_GCU:  KAUAI            U:          -65.32 -+      8.353  E:          201.09 -+      3.053  N:           23.17 -+      3.772
STA_CRL:  KAUAI            C:   .513  -.744  -.469   .982   .514  -.744   .488   .920  -.436   .467  -.717  -.448   .956  -.734  -.391
STA_GCX:  KIRSBERG         X:   3879830745.52 -+     11.435  Y:    987963365.56 -+      2.690  Z:   4948713354.62 -+     14.582 Obs_used:     430 Obs_tot:     430 Ses_used:     3 Ses_tot:     3 Date_beg: 1992.06.25 Date_end: 1992.06.28
STA_GCU:  KIRSBERG         U:            7.80 -+     18.385  E:          126.82 -+      2.749  N:           18.43 -+      2.257
STA_CRL:  KIRSBERG         C:   .490   .968   .512   .000   .000   .000   .000   .000   .000   .000   .000   .000   .000   .000   .000
STA_GCX:  KODIAK           X:  -3026940539.38 -+     87.156  Y:  -1575911811.37 -+     56.626  Z:   5370362570.87 -+    149.210 Obs_used:    3443 Obs_tot:    3467 Ses_used:    15 Ses_tot:    15 Date_beg: 1984.07.23 Date_end: 1990.07.02
STA_GCU:  KODIAK           U:          -65.63 -+    178.597  E:          115.42 -+     26.974  N:           45.65 -+     21.021
STA_CRL:  KODIAK           C:   .845  -.960  -.883   .998   .847  -.960   .838   .998  -.878   .843  -.957  -.886   .998  -.960  -.883
STA_GCX:  KOGANEI          X:  -3941937553.41 -+      4.114  Y:   3368150974.19 -+      3.307  Z:   3702235389.56 -+      3.522 Obs_used:   73837 Obs_tot:   76454 Ses_used:   103 Ses_tot:   103 Date_beg: 1997.11.01 Date_end: 2020.12.08
STA_GCU:  KOGANEI          U:           53.15 -+      5.806  E:           25.83 -+      1.813  N:           77.02 -+      1.811
STA_CRL:  KOGANEI          C:  -.757  -.772   .726   .919  -.761  -.779  -.728   .926   .730  -.780  -.739   .730   .897  -.810   .778
STA_GCX:  KOGANEI3         X:  -3942077490.59 -+     19.161  Y:   3368332191.10 -+     17.612  Z:   3701904927.67 -+     16.281 Obs_used:     123 Obs_tot:     151 Ses_used:     1 Ses_tot:     1 Date_beg: 1995.01.17 Date_end: 1995.01.17
STA_GCU:  KOGANEI3         U:           55.49 -+     29.317  E:           24.50 -+      5.548  N:           77.93 -+      7.224
STA_CRL:  KOGANEI3         C:  -.910  -.871   .833   .255  -.191  -.222  -.208   .229   .212  -.779  -.209   .183   .255  -.809   .777
STA_GCX:  KOGANEI__110311  X:  -3941937632.72 -+      2.090  Y:   3368150746.48 -+      1.346  Z:   3702235410.05 -+      1.513 Obs_used:       0 Obs_tot:       0 Ses_used:     0 Ses_tot:     0 Date_beg:            Date_end:           
STA_GCU:  KOGANEI__110311  U:           -6.04 -+      2.124  E:          250.48 -+      1.442  N:          144.80 -+      1.370
STA_CRL:  KOGANEI__110311  C:  -.291  -.416   .065   .061   .191   .102   .139  -.101  -.229  -.780   .085  -.243  -.097  -.810   .778
STA_GCX:  KOKEE            X:  -5543837709.58 -+      1.685  Y:  -2054566842.66 -+      1.162  Z:   2387852589.33 -+      1.230 Obs_used: 1535253 Obs_tot: 1572206 Ses_used:  2644 Ses_tot:  2644 Date_beg: 1993.06.08 Date_end: 2020.12.29
STA_GCU:  KOKEE            U:           -6.35 -+      1.672  E:           62.84 -+      1.318  N:          116.28 -+      1.082
STA_CRL:  KOKEE            C:  -.162  -.231  -.466   .752  -.060  -.231  -.038   .518  -.293  -.208  -.137  -.248   .410  -.313   .058
STA_GCX:  KOKEE12M         X:  -5543831623.47 -+      1.755  Y:  -2054586056.34 -+      1.224  Z:   2387828858.93 -+      1.341 Obs_used:   54483 Obs_tot:   57245 Ses_used:    35 Ses_tot:    35 Date_beg: 2017.12.03 Date_end: 2020.10.13
STA_GCU:  KOKEE12M         U:           -4.64 -+      1.796  E:           51.70 -+      1.354  N:          111.92 -+      1.148
STA_CRL:  KOKEE12M         C:  -.103  -.281  -.457   .696  -.061  -.200  -.039   .472  -.262  -.204  -.125  -.229   .357  -.307   .057
STA_GCX:  KP-VLBA          X:  -1995678719.77 -+      1.558  Y:  -5037317686.70 -+      0.993  Z:   3357328086.59 -+      0.989 Obs_used:  897546 Obs_tot:  917828 Ses_used:   311 Ses_tot:   311 Date_beg: 1992.08.28 Date_end: 2020.11.18
STA_GCU:  KP-VLBA          U:          -16.13 -+      1.116  E:          113.03 -+      1.630  N:           97.98 -+      0.699
STA_CRL:  KP-VLBA          C:  -.401   .023  -.535   .678  -.228  -.026  -.179   .525  -.319  -.360  -.015  -.249   .359  -.151   .001
STA_GCX:  KUNMING          X:  -1281152946.40 -+      2.094  Y:   5640864433.42 -+      1.327  Z:   2682653535.33 -+      1.243 Obs_used:   61550 Obs_tot:   63186 Ses_used:    80 Ses_tot:    80 Date_beg: 2011.07.20 Date_end: 2020.12.08
STA_GCU:  KUNMING          U:           78.18 -+      1.495  E:           56.91 -+      2.000  N:           51.05 -+      1.206
STA_CRL:  KUNMING          C:  -.212  -.245   .072   .427   .152  -.042   .051  -.343  -.267  -.452  -.025  -.372  -.107  -.459   .680
STA_GCX:  KWAJAL26         X:  -6143539842.06 -+     95.453  Y:   1363995207.49 -+     30.243  Z:   1034706299.80 -+     26.359 Obs_used:    5854 Obs_tot:    5874 Ses_used:    20 Ses_tot:    20 Date_beg: 1984.07.07 Date_end: 1988.08.06
STA_GCU:  KWAJAL26         U:         2123.96 -+     98.001  E:         4476.83 -+     20.595  N:        -2478.32 -+     26.315
STA_CRL:  KWAJAL26         C:  -.717  -.306  -.046   .997  -.708  -.315  -.713   .996  -.045  -.706  -.291  -.066   .990  -.306  -.061
STA_GCX:  LA-VLBA          X:  -1449752463.59 -+      1.547  Y:  -4975298555.21 -+      0.969  Z:   3709123905.08 -+      0.965 Obs_used:  994268 Obs_tot: 1016612 Ses_used:   382 Ses_tot:   382 Date_beg: 1991.05.21 Date_end: 2020.11.18
STA_GCU:  LA-VLBA          U:          -10.70 -+      1.106  E:          118.11 -+      1.618  N:           95.32 -+      0.650
STA_CRL:  LA-VLBA          C:  -.421   .051  -.535   .682  -.240  -.010  -.191   .520  -.313  -.339  -.005  -.247   .358  -.128   .021
STA_GCX:  LEONRDOK         X:   -522231384.42 -+      4.106  Y:  -5145676885.71 -+     19.384  Z:   3720152329.04 -+     12.832 Obs_used:     244 Obs_tot:     247 Ses_used:     1 Ses_tot:     1 Date_beg: 1987.08.24 Date_end: 1987.08.24
STA_GCU:  LEONRDOK         U:          -19.07 -+     22.725  E:          134.57 -+      3.549  N:          -14.54 -+      5.314
STA_CRL:  LEONRDOK         C:   .495  -.467  -.885   .000   .000   .000   .000   .000   .000   .000   .000   .000   .000   .000   .000
STA_GCX:  MACGO12M         X:  -1330788303.67 -+      4.810  Y:  -5328106524.22 -+      2.989  Z:   3236427625.41 -+      4.314 Obs_used:   16590 Obs_tot:   17316 Ses_used:     7 Ses_tot:     7 Date_beg: 2020.01.21 Date_end: 2020.10.13
STA_GCU:  MACGO12M         U:          -23.51 -+      1.622  E:           51.09 -+      4.941  N:          128.37 -+      4.861
STA_CRL:  MACGO12M         C:  -.313   .087   .682  -.917   .280  -.088   .292  -.900  -.833  -.325  -.092  -.789  -.956   .093   .872
STA_GCX:  MAMMOTHL         X:  -2448246984.55 -+    206.316  Y:  -4426738045.55 -+    371.303  Z:   3875435596.22 -+    306.331 Obs_used:     559 Obs_tot:     562 Ses_used:     4 Ses_tot:     4 Date_beg: 1983.06.29 Date_end: 1986.10.22
STA_GCU:  MAMMOTHL         U:         -232.09 -+    517.079  E:          231.01 -+     48.038  N:          -83.40 -+     67.772
STA_CRL:  MAMMOTHL         C:   .964  -.949  -.962   .999   .962  -.946   .964   .999  -.960   .963  -.949  -.960   .999  -.948  -.960
STA_GCX:  MARCUS           X:  -5227445262.95 -+    117.309  Y:   2551380318.41 -+     74.145  Z:   2607605191.92 -+     80.166 Obs_used:    2998 Obs_tot:    3142 Ses_used:    10 Ses_tot:    10 Date_beg: 1989.07.24 Date_end: 1993.06.28
STA_GCU:  MARCUS           U:         -414.62 -+    149.879  E:          141.07 -+     39.025  N:           22.47 -+     41.216
STA_CRL:  MARCUS           C:  -.811  -.816   .750   .999  -.813  -.819  -.810   .999   .753  -.813  -.814   .751   .999  -.818   .755
STA_GCX:  MARPOINT         X:   1106629195.57 -+     11.164  Y:  -4882907122.21 -+     36.847  Z:   3938087028.33 -+     30.466 Obs_used:    6029 Obs_tot:    6073 Ses_used:    35 Ses_tot:    35 Date_beg: 1982.06.18 Date_end: 1989.08.24
STA_GCU:  MARPOINT         U:           34.86 -+     47.343  E:          173.42 -+      7.668  N:           48.08 -+     10.506
STA_CRL:  MARPOINT         C:  -.711   .673  -.900   .986  -.714   .683  -.713   .994  -.898  -.723   .680  -.896   .994   .695  -.902
STA_GCX:  MATERA           X:   4641938481.54 -+      1.744  Y:   1393003469.51 -+      0.957  Z:   4133325822.55 -+      0.836 Obs_used:  914267 Obs_tot:  946446 Ses_used:  1214 Ses_tot:  1214 Date_beg: 1990.10.04 Date_end: 2020.12.28
STA_GCU:  MATERA           U:           64.02 -+      1.349  E:          124.56 -+      1.272  N:          -17.34 -+      1.103
STA_CRL:  MATERA           C:  -.572   .209  -.489   .725  -.329   .092  -.235   .370  -.210  -.486   .006  -.138   .125  -.232   .110
STA_GCX:  MCD 7850         X:  -1330008078.26 -+     18.731  Y:  -5328391674.01 -+     15.253  Z:   3236502562.06 -+     18.054 Obs_used:     616 Obs_tot:     616 Ses_used:     1 Ses_tot:     1 Date_beg: 1988.10.06 Date_end: 1988.10.06
STA_GCU:  MCD 7850         U:          -17.62 -+     12.506  E:          359.67 -+     19.088  N:          -55.76 -+     19.715
STA_CRL:  MCD 7850         C:  -.152   .047   .372   .985  -.233   .088  -.318   .720   .811  -.325   .093   .628   .930   .093   .872
STA_GCX:  MEDICINA         X:   4461369715.73 -+      1.785  Y:    919597266.21 -+      0.973  Z:   4449559435.07 -+      1.004 Obs_used:  563259 Obs_tot:  579690 Ses_used:   585 Ses_tot:   585 Date_beg: 1987.12.08 Date_end: 2020.12.10
STA_GCU:  MEDICINA         U:           61.72 -+      1.535  E:          124.06 -+      1.175  N:          -19.92 -+      1.185
STA_CRL:  MEDICINA         C:  -.502   .302  -.355   .714  -.309   .109  -.217   .374  -.165  -.449   .028  -.130   .168  -.235   .085
STA_GCX:  MEDICINA_960601  X:   4461369719.75 -+      1.707  Y:    919597267.18 -+      0.947  Z:   4449559436.75 -+      0.836 Obs_used:       0 Obs_tot:       0 Ses_used:     0 Ses_tot:     0 Date_beg:            Date_end:           
STA_GCU:  MEDICINA_960601  U:           65.84 -+      1.345  E:          124.20 -+      1.158  N:          -21.62 -+      1.167
STA_CRL:  MEDICINA_960601  C:  -.564   .206  -.494   .725  -.324   .090  -.231   .375  -.207  -.449   .008  -.141   .146  -.235   .085
STA_GCX:  METSAHOV         X:   2892584868.39 -+      1.706  Y:   1311715706.40 -+      0.937  Z:   5512640213.68 -+      1.030 Obs_used:   56571 Obs_tot:   60184 Ses_used:    83 Ses_tot:    83 Date_beg: 2004.11.16 Date_end: 2019.03.27
STA_GCU:  METSAHOV         U:           70.30 -+      1.209  E:           80.79 -+      1.327  N:          -42.96 -+      1.274
STA_CRL:  METSAHOV         C:  -.447   .183  -.259   .542  -.167   .029  -.205   .398  -.107  -.166  -.140  -.002   .158  -.084   .128
STA_GCX:  METSHOVI         X:   2890652493.46 -+     14.242  Y:   1310295672.58 -+      6.686  Z:   5513958920.08 -+     21.019 Obs_used:     580 Obs_tot:     610 Ses_used:     5 Ses_tot:     5 Date_beg: 1989.07.05 Date_end: 1989.07.11
STA_GCU:  METSHOVI         U:           31.65 -+     25.762  E:           79.76 -+      2.971  N:          -43.11 -+      4.101
STA_CRL:  METSHOVI         C:   .877   .969   .887   .110   .001   .026  -.006   .141   .014  -.166   .017   .032   .066  -.090   .124
STA_GCX:  MIAMI20          X:    961255344.31 -+      2.541  Y:  -5674092530.36 -+      5.281  Z:   2740533861.85 -+      3.295 Obs_used:    5884 Obs_tot:    5918 Ses_used:    20 Ses_tot:    20 Date_beg: 1995.06.13 Date_end: 1996.06.04
STA_GCU:  MIAMI20          U:           -6.69 -+      6.072  E:          193.34 -+      2.305  N:           59.60 -+      1.738
STA_CRL:  MIAMI20          C:  -.395   .288  -.816   .818  -.325   .234  -.335   .874  -.732  -.355   .224  -.697   .836   .218  -.768
STA_GCX:  MILESMON         X:  -1204438837.55 -+     10.245  Y:  -4239211142.29 -+     32.666  Z:   4596266048.74 -+     32.775 Obs_used:     156 Obs_tot:     156 Ses_used:     1 Ses_tot:     1 Date_beg: 1988.04.15 Date_end: 1988.04.15
STA_GCU:  MILESMON         U:           -8.72 -+     46.450  E:          117.27 -+      5.545  N:          -10.08 -+      7.605
STA_CRL:  MILESMON         C:   .830  -.815  -.950   .000   .000   .000   .000   .000   .000   .000   .000   .000   .000   .000   .000
STA_GCX:  MIURA            X:  -3976129874.82 -+      9.545  Y:   3377927976.89 -+      7.919  Z:   3656754071.18 -+      8.210 Obs_used:   16847 Obs_tot:   17405 Ses_used:    14 Ses_tot:    14 Date_beg: 1997.11.01 Date_end: 2000.11.07
STA_GCU:  MIURA            U:           47.80 -+     13.916  E:           26.56 -+      3.277  N:           75.42 -+      4.102
STA_CRL:  MIURA            C:  -.856  -.801   .774   .985  -.856  -.802  -.850   .986   .774  -.860  -.794   .773   .980  -.808   .783
STA_GCX:  MIURA____000901  X:  -3976129869.01 -+      8.400  Y:   3377927958.82 -+      6.956  Z:   3656754073.72 -+      7.232 Obs_used:       0 Obs_tot:       0 Ses_used:     0 Ses_tot:     0 Date_beg:            Date_end:           
STA_GCU:  MIURA____000901  U:           36.08 -+     12.218  E:           36.57 -+      2.961  N:           86.79 -+      3.632
STA_CRL:  MIURA____000901  C:  -.848  -.797   .768   .966  -.839  -.786  -.831   .967   .758  -.860  -.779   .758   .960  -.808   .783
STA_GCX:  MIYAZAKI         X:  -3582767957.71 -+    109.138  Y:   4052033860.17 -+     71.584  Z:   3369020647.62 -+    112.132 Obs_used:     235 Obs_tot:     398 Ses_used:     3 Ses_tot:     3 Date_beg: 1986.10.20 Date_end: 1988.10.12
STA_GCU:  MIYAZAKI         U:           29.95 -+    123.068  E:          181.96 -+     59.468  N:           40.97 -+    104.530
STA_CRL:  MIYAZAKI         C:  -.696   .169   .580   .000   .000   .000   .000   .000   .000   .000   .000   .000   .000   .000   .000
STA_GCX:  MIZNAO10         X:  -3857237084.76 -+    341.172  Y:   3108803689.37 -+    228.316  Z:   4003883348.32 -+    296.170 Obs_used:    1658 Obs_tot:    1658 Ses_used:    12 Ses_tot:    12 Date_beg: 1993.07.14 Date_end: 1994.08.10
STA_GCU:  MIZNAO10         U:           89.37 -+    443.451  E:          243.38 -+    195.944  N:          -38.78 -+    145.601
STA_CRL:  MIZNAO10         C:  -.513  -.685   .737   .000  -.518  -.689  -.516   .000   .739  -.521  -.686   .739   .000  -.690   .741
STA_GCX:  MIZUSGSI         X:  -3862412984.58 -+    377.111  Y:   3105015564.60 -+    252.203  Z:   4001945183.23 -+    326.999 Obs_used:      95 Obs_tot:      98 Ses_used:     1 Ses_tot:     1 Date_beg: 1991.11.24 Date_end: 1991.11.24
STA_GCU:  MIZUSGSI         U:           94.53 -+    490.712  E:          259.71 -+    215.776  N:          -48.20 -+    159.341
STA_CRL:  MIZUSGSI         C:  -.516  -.691   .739   .993  -.520  -.689  -.518   .997   .739  -.521  -.686   .739   .998  -.690   .741
STA_GCX:  MK-VLBA          X:  -5464075118.44 -+      1.786  Y:  -2495248105.94 -+      1.254  Z:   2148297495.09 -+      1.287 Obs_used:  668839 Obs_tot:  682599 Ses_used:   325 Ses_tot:   325 Date_beg: 1993.07.19 Date_end: 2020.11.18
STA_GCU:  MK-VLBA          U:          -13.74 -+      1.803  E:           68.63 -+      1.399  N:          114.52 -+      1.101
STA_CRL:  MK-VLBA          C:  -.062  -.277  -.486   .770   .064  -.288   .049   .582  -.330  -.074  -.189  -.289   .464  -.382  -.035
STA_GCX:  MK-VLBA__061015  X:  -5464075118.14 -+      1.690  Y:  -2495248096.14 -+      1.175  Z:   2148297495.44 -+      1.228 Obs_used:       0 Obs_tot:       0 Ses_used:     0 Ses_tot:     0 Date_beg:            Date_end:           
STA_GCU:  MK-VLBA__061015  U:          -17.71 -+      1.646  E:           59.83 -+      1.374  N:          116.32 -+      1.072
STA_CRL:  MK-VLBA__061015  C:  -.168  -.230  -.468   .646  -.072  -.194  -.049   .481  -.270  -.074  -.121  -.231   .389  -.382  -.035
STA_GCX:  MK-VLBA__180503  X:  -5464075113.28 -+      1.733  Y:  -2495248101.90 -+      1.236  Z:   2148297483.10 -+      1.272 Obs_used:       0 Obs_tot:       0 Ses_used:     0 Ses_tot:     0 Date_beg:            Date_end:           
STA_GCU:  MK-VLBA__180503  U:          -23.80 -+      1.734  E:           67.10 -+      1.395  N:          105.39 -+      1.094
STA_CRL:  MK-VLBA__180503  C:  -.100  -.259  -.481   .577  -.114  -.151  -.079   .415  -.237  -.074  -.092  -.194   .344  -.382  -.035
STA_GCX:  MOJ 7288         X:  -2356494252.19 -+      6.245  Y:  -4646607584.05 -+     11.499  Z:   3668426555.98 -+      9.345 Obs_used:     542 Obs_tot:     546 Ses_used:     1 Ses_tot:     1 Date_beg: 1987.11.01 Date_end: 1987.11.01
STA_GCU:  MOJ 7288         U:          -21.48 -+     15.402  E:          179.52 -+      2.963  N:            2.94 -+      3.546
STA_CRL:  MOJ 7288         C:   .851  -.800  -.884   .450   .227  -.325   .264   .422  -.440   .467  -.274  -.322   .555  -.557  -.705
STA_GCX:  MOJAVE12         X:  -2356171133.43 -+      2.997  Y:  -4646755786.00 -+      4.827  Z:   3668470538.38 -+      5.299 Obs_used:  251614 Obs_tot:  252733 Ses_used:   723 Ses_tot:   723 Date_beg: 1983.06.27 Date_end: 1992.08.31
STA_GCU:  MOJAVE12         U:          -22.65 -+      6.889  E:          178.39 -+      2.419  N:            4.26 -+      2.656
STA_CRL:  MOJAVE12         C:   .519  -.565  -.773   .906   .516  -.555   .520   .965  -.750   .469  -.551  -.743   .958  -.559  -.707
STA_GCX:  MOJAVE12_920627  X:  -2356171154.09 -+      3.052  Y:  -4646755786.73 -+      4.840  Z:   3668470540.17 -+      5.234 Obs_used:       0 Obs_tot:       0 Ses_used:     0 Ses_tot:     0 Date_beg:            Date_end:           
STA_GCU:  MOJAVE12_920627  U:          -13.46 -+      6.875  E:          160.29 -+      2.452  N:           -0.06 -+      2.617
STA_CRL:  MOJAVE12_920627  C:   .519  -.567  -.772   .822   .459  -.511   .457   .862  -.682   .469  -.494  -.666   .882  -.559  -.707
STA_GCX:  MON PEAK         X:  -2386289970.79 -+     31.052  Y:  -4802345886.57 -+     63.483  Z:   3444884209.58 -+     45.746 Obs_used:    8344 Obs_tot:    8367 Ses_used:    38 Ses_tot:    38 Date_beg: 1982.10.16 Date_end: 1990.11.11
STA_GCU:  MON PEAK         U:           -9.73 -+     83.104  E:          232.07 -+      8.485  N:          -38.28 -+     10.428
STA_CRL:  MON PEAK         C:   .954  -.928  -.963   .996   .953  -.928   .951   .997  -.962   .953  -.923  -.959   .997  -.928  -.962
STA_GCX:  NL-VLBA          X:   -130872379.52 -+      1.534  Y:  -4762317050.42 -+      0.931  Z:   4226851057.70 -+      0.921 Obs_used:  875084 Obs_tot:  894205 Ses_used:   329 Ses_tot:   329 Date_beg: 1992.08.28 Date_end: 2020.11.18
STA_GCU:  NL-VLBA          U:           -0.71 -+      1.135  E:          130.01 -+      1.546  N:           82.02 -+      0.626
STA_CRL:  NL-VLBA          C:  -.457   .104  -.532   .688  -.261   .021  -.207   .494  -.287  -.269   .010  -.237   .350  -.108   .025
STA_GCX:  NOBEY 6M         X:  -3871169535.20 -+     52.130  Y:   3428275154.75 -+     55.374  Z:   3723698582.76 -+     52.613 Obs_used:     606 Obs_tot:     606 Ses_used:     6 Ses_tot:     6 Date_beg: 1990.01.23 Date_end: 1991.07.09
STA_GCU:  NOBEY 6M         U:           50.46 -+     17.800  E:          150.68 -+     63.600  N:           34.77 -+     64.732
STA_CRL:  NOBEY 6M         C:   .395   .492  -.445   .977   .449   .532   .449   .983  -.473   .469   .543  -.483   .980   .547  -.480
STA_GCX:  NOME             X:  -2658150979.57 -+     78.963  Y:   -693822208.09 -+     32.903  Z:   5737236594.01 -+    150.628 Obs_used:    1708 Obs_tot:    1708 Ses_used:    10 Ses_tot:    10 Date_beg: 1984.07.14 Date_end: 1990.06.20
STA_GCU:  NOME             U:          -76.63 -+    169.215  E:           95.54 -+     21.620  N:           70.33 -+     30.089
STA_CRL:  NOME             C:   .743  -.919  -.682   .996   .753  -.904   .745   .995  -.670   .760  -.920  -.690   .996  -.912  -.683
STA_GCX:  NOTO             X:   4934562850.29 -+      1.805  Y:   1321201693.65 -+      0.988  Z:   3806484783.17 -+      0.911 Obs_used:  172953 Obs_tot:  178189 Ses_used:   239 Ses_tot:   239 Date_beg: 1989.06.03 Date_end: 2020.12.21
STA_GCU:  NOTO             U:           62.27 -+      1.524  E:          132.29 -+      1.266  N:          -12.75 -+      1.066
STA_CRL:  NOTO             C:  -.534   .283  -.407   .713  -.286   .171  -.212   .371  -.168  -.413   .052  -.107   .187  -.055   .152
STA_GCX:  NRAO 140         X:    882879783.57 -+      1.796  Y:  -4924482265.85 -+      2.864  Z:   3944130774.73 -+      2.389 Obs_used:    5891 Obs_tot:    5955 Ses_used:    12 Ses_tot:    12 Date_beg: 1979.08.03 Date_end: 1994.10.13
STA_GCU:  NRAO 140         U:          -14.31 -+      3.584  E:          153.77 -+      1.680  N:           62.07 -+      1.214
STA_CRL:  NRAO 140         C:  -.312   .201  -.794   .737  -.222   .143  -.244   .804  -.669  -.243   .137  -.604   .756   .076  -.615
STA_GCX:  NRAO20           X:    883772644.38 -+      1.656  Y:  -4924385549.42 -+      1.986  Z:   3944042582.26 -+      1.755 Obs_used:  205265 Obs_tot:  208305 Ses_used:   325 Ses_tot:   325 Date_beg: 1995.02.07 Date_end: 2000.06.27
STA_GCU:  NRAO20           U:           -8.26 -+      2.549  E:          151.97 -+      1.546  N:           64.34 -+      0.936
STA_CRL:  NRAO20           C:  -.339   .179  -.773   .732  -.267   .150  -.225   .880  -.699  -.244   .117  -.675   .800   .076  -.616
STA_GCX:  NRAO85 1         X:    883555446.98 -+      2.102  Y:  -4924490848.59 -+      4.768  Z:   3943962051.47 -+      3.825 Obs_used:     595 Obs_tot:     595 Ses_used:     1 Ses_tot:     1 Date_beg: 1992.10.30 Date_end: 1992.10.30
STA_GCU:  NRAO85 1         U:          -10.90 -+      5.853  E:          154.68 -+      1.972  N:           61.59 -+      1.911
STA_CRL:  NRAO85 1         C:  -.317   .237  -.800   .624  -.130   .087  -.205   .467  -.407  -.243   .116  -.355   .463   .075  -.615
STA_GCX:  NRAO85 3         X:    882325460.03 -+      1.730  Y:  -4925137949.13 -+      2.411  Z:   3943397770.16 -+      2.103 Obs_used:  164874 Obs_tot:  165460 Ses_used:   524 Ses_tot:   524 Date_beg: 1989.04.03 Date_end: 1996.08.20
STA_GCU:  NRAO85 3         U:           -9.47 -+      3.082  E:          154.62 -+      1.612  N:           62.60 -+      1.065
STA_CRL:  NRAO85 3         C:  -.333   .200  -.793   .747  -.255   .155  -.248   .892  -.720  -.243   .140  -.684   .819   .075  -.615
STA_GCX:  NYALE13S         X:   1201070757.74 -+      1.662  Y:    252129359.58 -+      0.937  Z:   6238022535.50 -+      1.699 Obs_used:   19447 Obs_tot:   20005 Ses_used:    25 Ses_tot:    25 Date_beg: 2020.02.17 Date_end: 2020.12.29
STA_GCU:  NYALE13S         U:           74.58 -+      1.747  E:           57.57 -+      1.096  N:          -60.97 -+      1.508
STA_CRL:  NYALE13S         C:  -.390   .193  -.149   .648  -.209  -.011  -.173   .385  -.106  -.210  -.035  -.181   .122  -.297  -.072
STA_GCX:  NYALES20         X:   1202462570.29 -+      1.607  Y:    252734589.73 -+      0.888  Z:   6237766276.80 -+      0.862 Obs_used: 2027839 Obs_tot: 2068495 Ses_used:  2164 Ses_tot:  2164 Date_beg: 1994.10.04 Date_end: 2020.10.19
STA_GCU:  NYALES20         U:           67.68 -+      0.899  E:           61.15 -+      1.058  N:          -60.54 -+      1.479
STA_CRL:  NYALES20         C:  -.443   .075  -.485   .682  -.222  -.019  -.181   .426  -.210  -.215  -.033  -.192   .281  -.303  -.074
STA_GCX:  OCOTILLO         X:  -2335600951.82 -+     82.980  Y:  -4832244354.98 -+     69.490  Z:   3434392434.99 -+     78.326 Obs_used:     245 Obs_tot:     248 Ses_used:     2 Ses_tot:     2 Date_beg: 1984.03.03 Date_end: 1985.03.04
STA_GCU:  OCOTILLO         U:           -8.74 -+     54.843  E:          117.64 -+     85.865  N:          -33.63 -+     86.423
STA_CRL:  OCOTILLO         C:  -.194   .130   .342   .966  -.355   .233  -.433   .806   .693  -.448   .249   .607   .924   .257   .746
STA_GCX:  OHIGGINS         X:   1525833350.80 -+      2.368  Y:  -2432463600.19 -+      1.583  Z:  -5676174429.91 -+      1.993 Obs_used:   27071 Obs_tot:   27933 Ses_used:   166 Ses_tot:   166 Date_beg: 1993.01.25 Date_end: 2020.02.05
STA_GCU:  OHIGGINS         U:          -83.65 -+      2.259  E:           63.13 -+      1.756  N:          -41.55 -+      1.974
STA_CRL:  OHIGGINS         C:  -.488  -.199   .242   .565  -.309  -.224  -.219   .410   .198  -.282  -.161   .219   .606  -.279   .391
STA_GCX:  ONSA13NE         X:   3370889280.63 -+      1.660  Y:    711571358.47 -+      0.912  Z:   5349692121.20 -+      0.837 Obs_used:  114352 Obs_tot:  119567 Ses_used:    58 Ses_tot:    58 Date_beg: 2019.01.07 Date_end: 2020.11.13
STA_GCU:  ONSA13NE         U:           62.35 -+      1.142  E:          105.56 -+      1.111  N:          -35.86 -+      1.323
STA_CRL:  ONSA13NE         C:  -.525   .156  -.481   .697  -.288   .041  -.217   .385  -.200  -.375  -.010  -.151   .161  -.315   .014
STA_GCX:  ONSA13SW         X:   3370946761.52 -+      1.660  Y:    711534665.92 -+      0.912  Z:   5349660998.03 -+      0.837 Obs_used:   94828 Obs_tot:   99338 Ses_used:    45 Ses_tot:    45 Date_beg: 2019.01.07 Date_end: 2020.11.13
STA_GCU:  ONSA13SW         U:           67.58 -+      1.142  E:          106.60 -+      1.111  N:          -35.07 -+      1.323
STA_CRL:  ONSA13SW         C:  -.525   .156  -.481   .697  -.288   .041  -.217   .385  -.199  -.375  -.010  -.151   .161  -.315   .014
STA_GCX:  ONSALA60         X:   3370605830.55 -+      1.658  Y:    711917836.64 -+      0.910  Z:   5349830952.70 -+      0.828 Obs_used:  973969 Obs_tot:  994068 Ses_used:  1048 Ses_tot:  1048 Date_beg: 1980.07.26 Date_end: 2020.12.21
STA_GCU:  ONSALA60         U:           68.22 -+      1.134  E:          102.19 -+      1.109  N:          -34.83 -+      1.321
STA_CRL:  ONSALA60         C:  -.527   .153  -.487   .706  -.290   .045  -.219   .396  -.202  -.380  -.008  -.152   .176  -.319   .014
STA_GCX:  OV-VLBA          X:  -2409150293.28 -+      1.552  Y:  -4478573111.64 -+      0.999  Z:   3838617407.98 -+      1.007 Obs_used:  912797 Obs_tot:  930913 Ses_used:   324 Ses_tot:   324 Date_beg: 1992.08.28 Date_end: 2020.11.18
STA_GCU:  OV-VLBA          U:           -6.85 -+      1.159  E:          103.58 -+      1.606  N:          104.40 -+      0.705
STA_CRL:  OV-VLBA          C:  -.376   .004  -.529   .699  -.212  -.046  -.161   .523  -.318  -.345  -.027  -.259   .375  -.138   .051
STA_GCX:  OVR 7853         X:  -2410421295.38 -+     10.215  Y:  -4477800106.97 -+     19.742  Z:   3838689864.07 -+     17.124 Obs_used:     565 Obs_tot:     573 Ses_used:     1 Ses_tot:     1 Date_beg: 1987.11.01 Date_end: 1987.11.01
STA_GCU:  OVR 7853         U:         -375.25 -+     26.744  E:          223.18 -+      5.494  N:         -165.65 -+      6.474
STA_CRL:  OVR 7853         C:   .821  -.762  -.882   .859   .716  -.682   .687   .896  -.798   .776  -.632  -.772   .911  -.726  -.852
STA_GCX:  OVRO 130         X:  -2409600812.09 -+      9.486  Y:  -4478349241.17 -+     19.009  Z:   3838602736.38 -+     16.817 Obs_used:   29618 Obs_tot:   30048 Ses_used:   123 Ses_tot:   123 Date_beg: 1979.08.03 Date_end: 1988.11.09
STA_GCU:  OVRO 130         U:         -389.01 -+     25.728  E:          225.26 -+      5.453  N:         -178.67 -+      6.519
STA_CRL:  OVRO 130         C:   .805  -.747  -.873   .981   .791  -.739   .786   .991  -.864   .776  -.722  -.853   .988  -.727  -.853
STA_GCX:  PARKES           X:  -4554232662.93 -+      4.690  Y:   2816758883.35 -+      2.840  Z:  -3454034926.75 -+      3.371 Obs_used:   21503 Obs_tot:   22253 Ses_used:    62 Ses_tot:    62 Date_beg: 1992.05.23 Date_end: 2016.08.09
STA_GCU:  PARKES           U:           -2.92 -+      5.924  E:           50.17 -+      1.604  N:          109.29 -+      1.939
STA_CRL:  PARKES           C:  -.784   .699  -.827   .576  -.509   .493  -.480   .561  -.518  -.913   .461  -.512   .571   .900  -.875
STA_GCX:  PBLOSSOM         X:  -2464071050.04 -+     90.570  Y:  -4649424941.73 -+    168.457  Z:   3593905521.60 -+    125.465 Obs_used:    1517 Obs_tot:    1536 Ses_used:    10 Ses_tot:    10 Date_beg: 1983.02.21 Date_end: 1988.02.08
STA_GCU:  PBLOSSOM         U:         -110.46 -+    225.506  E:          224.86 -+     21.829  N:          -27.68 -+     31.505
STA_CRL:  PBLOSSOM         C:   .962  -.939  -.953   .998   .961  -.939   .961   .998  -.953   .963  -.937  -.952   .998  -.940  -.954
STA_GCX:  PENTICTN         X:  -2058840800.86 -+     84.120  Y:  -3621286806.99 -+    137.938  Z:   4814420995.04 -+    177.147 Obs_used:    1239 Obs_tot:    1240 Ses_used:     6 Ses_tot:     6 Date_beg: 1984.08.24 Date_end: 1990.07.27
STA_GCU:  PENTICTN         U:          -17.71 -+    237.285  E:          122.72 -+     22.862  N:           20.67 -+     25.633
STA_CRL:  PENTICTN         C:   .950  -.956  -.973   .996   .952  -.955   .943   .996  -.966   .952  -.951  -.972   .996  -.958  -.973
STA_GCX:  PIETOWN          X:  -1640953817.77 -+      1.551  Y:  -5014816005.77 -+      0.978  Z:   3575411851.18 -+      0.975 Obs_used:  926769 Obs_tot:  946879 Ses_used:   366 Ses_tot:   366 Date_beg: 1988.09.08 Date_end: 2020.11.18
STA_GCU:  PIETOWN          U:          -12.59 -+      1.109  E:          115.92 -+      1.624  N:           95.96 -+      0.668
STA_CRL:  PIETOWN          C:  -.414   .042  -.535   .678  -.234  -.015  -.185   .510  -.311  -.338  -.010  -.243   .349  -.140   .002
STA_GCX:  PINFLATS         X:  -2369636288.14 -+     55.951  Y:  -4761324632.80 -+    108.198  Z:   3511116390.30 -+     81.939 Obs_used:    3540 Obs_tot:    3558 Ses_used:    20 Ses_tot:    20 Date_beg: 1983.10.31 Date_end: 1990.02.10
STA_GCU:  PINFLATS         U:            6.99 -+    144.770  E:          223.86 -+     16.082  N:           24.52 -+     18.288
STA_CRL:  PINFLATS         C:   .947  -.929  -.962   .998   .947  -.928   .944   .998  -.959   .948  -.927  -.961   .998  -.929  -.962
STA_GCX:  PLATTVIL         X:  -1240708306.37 -+     24.945  Y:  -4720454414.28 -+     75.338  Z:   4094481438.05 -+     63.598 Obs_used:    5003 Obs_tot:    5018 Ses_used:    21 Ses_tot:    21 Date_beg: 1983.06.09 Date_end: 1990.10.28
STA_GCU:  PLATTVIL         U:          -66.19 -+     99.914  E:          170.28 -+     11.833  N:          -23.88 -+     14.824
STA_CRL:  PLATTVIL         C:   .875  -.846  -.956   .996   .876  -.847   .872   .997  -.953   .876  -.845  -.955   .997  -.849  -.956
STA_GCX:  PRESIDIO         X:  -2707705040.98 -+     70.597  Y:  -4257608834.16 -+    110.629  Z:   3888374123.56 -+     98.063 Obs_used:    4218 Obs_tot:    4241 Ses_used:    22 Ses_tot:    22 Date_beg: 1983.08.25 Date_end: 1991.07.18
STA_GCU:  PRESIDIO         U:         -396.46 -+    161.334  E:          187.93 -+     17.100  N:          -68.87 -+     22.758
STA_CRL:  PRESIDIO         C:   .959  -.937  -.956   .998   .958  -.937   .957   .998  -.955   .959  -.936  -.954   .998  -.938  -.956
STA_GCX:  PRESIDIO_891001  X:  -2707705041.14 -+     62.496  Y:  -4257608841.63 -+     97.886  Z:   3888374121.82 -+     87.155 Obs_used:       0 Obs_tot:       0 Ses_used:     0 Ses_tot:     0 Date_beg:            Date_end:           
STA_GCU:  PRESIDIO_891001  U:         -392.47 -+    143.004  E:          191.81 -+     15.174  N:          -74.17 -+     20.073
STA_CRL:  PRESIDIO_891001  C:   .958  -.938  -.956   .996   .956  -.934   .955   .996  -.951   .959  -.936  -.954   .996  -.938  -.956
STA_GCX:  PT REYES         X:  -2732333517.34 -+     53.483  Y:  -4217634343.36 -+     81.066  Z:   3914491562.35 -+     75.775 Obs_used:    3346 Obs_tot:    3359 Ses_used:    19 Ses_tot:    19 Date_beg: 1983.08.27 Date_end: 1991.07.13
STA_GCU:  PT REYES         U:         -223.91 -+    121.253  E:          182.46 -+     13.725  N:          -42.54 -+     16.829
STA_CRL:  PT REYES         C:   .953  -.938  -.956   .998   .952  -.936   .949   .998  -.953   .952  -.935  -.954   .998  -.937  -.955
STA_GCX:  PVERDES          X:  -2525453136.14 -+     94.404  Y:  -4670034821.31 -+    168.310  Z:   3522886901.06 -+    127.284 Obs_used:    1497 Obs_tot:    1501 Ses_used:     9 Ses_tot:     9 Date_beg: 1983.11.12 Date_end: 1990.02.05
STA_GCU:  PVERDES          U:         -211.66 -+    228.499  E:          247.29 -+     22.341  N:          -31.71 -+     27.037
STA_CRL:  PVERDES          C:   .963  -.946  -.966   .998   .962  -.945   .962   .998  -.964   .964  -.945  -.965   .998  -.948  -.967
STA_GCX:  QUINCY           X:  -2517231097.66 -+     38.986  Y:  -4198594957.79 -+     63.848  Z:   4076530951.99 -+     60.389 Obs_used:    4792 Obs_tot:    4810 Ses_used:    22 Ses_tot:    22 Date_beg: 1982.10.21 Date_end: 1990.10.08
STA_GCU:  QUINCY           U:         -215.82 -+     94.348  E:          177.04 -+     11.864  N:          -59.18 -+     14.180
STA_CRL:  QUINCY           C:   .936  -.913  -.953   .997   .934  -.912   .934   .997  -.952   .936  -.910  -.951   .997  -.913  -.954
STA_GCX:  RAEGSMAR         X:   4618524390.89 -+      4.445  Y:  -2166020583.60 -+      2.089  Z:   3816270377.21 -+      2.960 Obs_used:     747 Obs_tot:     760 Ses_used:     3 Ses_tot:     3 Date_beg: 2018.12.17 Date_end: 2019.01.14
STA_GCU:  RAEGSMAR         U:           37.74 -+      5.208  E:          160.33 -+      1.577  N:           11.90 -+      1.808
STA_CRL:  RAEGSMAR         C:  -.652   .758  -.584   .000   .000   .000   .000   .000   .000   .000   .000   .000   .000   .000   .000
STA_GCX:  RAEGYEB          X:   4848831147.97 -+      1.687  Y:   -261629380.89 -+      0.969  Z:   4122976519.27 -+      0.886 Obs_used:   83911 Obs_tot:   86483 Ses_used:    51 Ses_tot:    51 Date_beg: 2015.02.16 Date_end: 2020.10.13
STA_GCU:  RAEGYEB          U:           49.28 -+      1.562  E:          144.65 -+      0.919  N:           -8.89 -+      1.134
STA_CRL:  RAEGYEB          C:  -.567   .262  -.500   .647  -.324   .043  -.229   .346  -.208  -.360  -.010  -.146   .090  -.034   .077
STA_GCX:  RICHMOND         X:    961258076.51 -+      2.858  Y:  -5674089981.07 -+      6.218  Z:   2740533865.19 -+      3.885 Obs_used:  171797 Obs_tot:  173297 Ses_used:   727 Ses_tot:   727 Date_beg: 1984.01.04 Date_end: 1992.08.20
STA_GCU:  RICHMOND         U:           -7.60 -+      7.157  E:          205.75 -+      2.592  N:           58.20 -+      1.998
STA_CRL:  RICHMOND         C:  -.393   .286  -.827   .876  -.354   .254  -.379   .975  -.811  -.356   .260  -.775   .921   .219  -.769
STA_GCX:  ROBLED32         X:   4849245093.17 -+     44.152  Y:   -360277688.14 -+      8.789  Z:   4114884788.07 -+     35.649 Obs_used:      97 Obs_tot:     103 Ses_used:     1 Ses_tot:     1 Date_beg: 1983.05.05 Date_end: 1983.05.05
STA_GCU:  ROBLED32         U:           36.77 -+     56.378  E:          147.96 -+      8.552  N:          -12.84 -+      6.772
STA_CRL:  ROBLED32         C:  -.251   .970  -.370   .079  -.006   .071  -.003   .094  -.001  -.147   .056  -.002   .081   .543   .070
STA_GCX:  SANPAULA         X:  -2554477220.04 -+     90.621  Y:  -4608626905.18 -+    161.545  Z:   3582138599.58 -+    122.371 Obs_used:    1521 Obs_tot:    1527 Ses_used:    10 Ses_tot:    10 Date_beg: 1983.08.31 Date_end: 1990.01.31
STA_GCU:  SANPAULA         U:         -300.93 -+    219.327  E:          240.86 -+     21.093  N:          -47.81 -+     27.101
STA_CRL:  SANPAULA         C:   .964  -.950  -.962   .998   .964  -.950   .961   .998  -.959   .965  -.948  -.960   .998  -.951  -.961
STA_GCX:  SANTIA12         X:   1769693898.14 -+     10.961  Y:  -5044503812.69 -+     18.407  Z:  -3468434590.81 -+     14.709 Obs_used:   24061 Obs_tot:   24292 Ses_used:   127 Ses_tot:   127 Date_beg: 1991.11.20 Date_end: 1996.11.25
STA_GCU:  SANTIA12         U:         -680.78 -+     23.494  E:          642.56 -+      7.582  N:         -212.72 -+      8.117
STA_CRL:  SANTIA12         C:  -.687  -.609   .753   .981  -.676  -.608  -.676   .991   .747  -.669  -.602   .744   .993  -.603   .740
STA_GCX:  SC-VLBA          X:   2607848779.14 -+      1.609  Y:  -5488069439.20 -+      0.999  Z:   1932739786.17 -+      0.932 Obs_used:  636575 Obs_tot:  653841 Ses_used:   291 Ses_tot:   291 Date_beg: 1993.06.25 Date_end: 2020.11.18
STA_GCU:  SC-VLBA          U:          -24.06 -+      1.485  E:          157.63 -+      1.284  N:           48.84 -+      0.775
STA_CRL:  SC-VLBA          C:  -.520   .221  -.582   .644  -.303   .101  -.225   .408  -.253  -.113   .053  -.221   .311   .046  -.240
STA_GCX:  SEATTLE1         X:  -2295348004.97 -+    189.658  Y:  -3638029308.89 -+   1287.597  Z:   4693408220.80 -+   1283.351 Obs_used:     542 Obs_tot:     543 Ses_used:     3 Ses_tot:     3 Date_beg: 1986.08.27 Date_end: 1990.08.09
STA_GCU:  SEATTLE1         U:          105.90 -+   1739.325  E:          157.90 -+    559.258  N:           -3.73 -+     53.345
STA_CRL:  SEATTLE1         C:   .839  -.853  -.998   .998   .854  -.866   .835   .000  -.997   .850  -.848  -.998   .000  -.862  -.998
STA_GCX:  SEJONG           X:  -3110080060.65 -+      1.964  Y:   4082066648.58 -+      1.160  Z:   3775076883.11 -+      1.308 Obs_used:  260260 Obs_tot:  269923 Ses_used:   285 Ses_tot:   285 Date_beg: 2014.09.29 Date_end: 2020.12.28
STA_GCU:  SEJONG           U:           70.26 -+      1.613  E:           22.63 -+      1.595  N:           62.58 -+      1.330
STA_CRL:  SEJONG           C:  -.178  -.290  -.132   .265   .271   .071   .152  -.195  -.351  -.496   .052  -.379  -.115  -.580   .600
STA_GCX:  SESHAN25         X:  -2831687468.32 -+      1.971  Y:   4675733465.73 -+      1.027  Z:   3275327582.97 -+      1.211 Obs_used:  354599 Obs_tot:  363132 Ses_used:   438 Ses_tot:   438 Date_beg: 1988.04.09 Date_end: 2020.11.09
STA_GCU:  SESHAN25         U:           69.36 -+      1.367  E:           34.09 -+      1.712  N:           62.06 -+      1.268
STA_CRL:  SESHAN25         C:  -.108  -.260  -.297   .663   .018  -.225  -.013   .483  -.181   .003  -.156  -.144   .317  -.349   .110
STA_GCX:  SEST             X:   1838238015.26 -+      9.175  Y:  -5258699179.61 -+     17.067  Z:  -3100588865.51 -+      9.406 Obs_used:     353 Obs_tot:     356 Ses_used:     3 Ses_tot:     3 Date_beg: 1990.04.18 Date_end: 1990.05.24
STA_GCU:  SEST             U:          -42.25 -+     18.378  E:          155.28 -+      7.397  N:          -50.62 -+      8.455
STA_CRL:  SEST             C:  -.533  -.267   .511   .000   .000   .000   .000   .000   .000   .000   .000   .000   .000   .000   .000
STA_GCX:  SINTOTU          X:  -3642142283.95 -+    230.718  Y:   2861496479.13 -+    208.466  Z:   4370361749.55 -+    212.558 Obs_used:     215 Obs_tot:     228 Ses_used:     1 Ses_tot:     1 Date_beg: 1990.07.30 Date_end: 1990.07.30
STA_GCU:  SINTOTU          U:          -26.15 -+    321.089  E:           76.14 -+    188.486  N:          111.12 -+     56.964
STA_CRL:  SINTOTU          C:  -.250  -.745   .761   .684  -.574  -.758  -.622   .632   .743  -.909  -.629   .569   .824  -.919   .901
STA_GCX:  SINTOTU3_030915  X:  -3642142395.50 -+     30.369  Y:   2861496590.40 -+     25.406  Z:   4370361754.27 -+     33.550 Obs_used:    2509 Obs_tot:    2635 Ses_used:    12 Ses_tot:    12 Date_beg: 2008.09.09 Date_end: 2010.08.26
STA_GCU:  SINTOTU3_030915  U:           36.32 -+     50.325  E:           21.95 -+      8.363  N:           78.97 -+      9.527
STA_CRL:  SINTOTU3_030915  C:  -.909  -.922   .901   .979  -.890  -.904  -.892   .980   .887  -.909  -.900   .880   .979  -.919   .901
STA_GCX:  SINTOTU3_110311  X:  -3642142421.70 -+     20.483  Y:   2861496600.38 -+     16.405  Z:   4370361727.98 -+     22.634 Obs_used:       0 Obs_tot:       0 Ses_used:     0 Ses_tot:     0 Date_beg:            Date_end:           
STA_GCU:  SINTOTU3_110311  U:           37.62 -+     33.804  E:           30.29 -+      5.436  N:           41.48 -+      5.364
STA_CRL:  SINTOTU3_110311  C:  -.910  -.945   .912   .685  -.641  -.638  -.616   .699   .618  -.909  -.636   .642   .690  -.919   .901
STA_GCX:  SNDPOINT         X:  -3425462208.63 -+    110.165  Y:  -1214669116.32 -+     65.728  Z:   5223857967.54 -+    166.119 Obs_used:    2437 Obs_tot:    2437 Ses_used:    13 Ses_tot:    13 Date_beg: 1984.07.14 Date_end: 1990.07.12
STA_GCU:  SNDPOINT         U:         -132.53 -+    204.852  E:           94.73 -+     38.750  N:           53.77 -+     24.213
STA_CRL:  SNDPOINT         C:   .809  -.967  -.838   .998   .815  -.967   .804   .999  -.833   .811  -.965  -.843   .999  -.967  -.840
STA_GCX:  SOURDOGH         X:  -2419993980.26 -+    101.457  Y:  -1664228716.10 -+     77.703  Z:   5643537692.01 -+    233.865 Obs_used:    4167 Obs_tot:    4179 Ses_used:    16 Ses_tot:    16 Date_beg: 1984.07.31 Date_end: 1989.08.03
STA_GCU:  SOURDOGH         U:         -192.65 -+    261.680  E:          123.35 -+     39.647  N:           28.62 -+     31.243
STA_CRL:  SOURDOGH         C:   .792  -.918  -.900   .999   .792  -.917   .791   .999  -.899   .791  -.917  -.900   .999  -.917  -.900
STA_GCX:  SOURDOGH_871201  X:  -2419993965.15 -+     90.444  Y:  -1664228736.95 -+     69.354  Z:   5643537738.66 -+    208.205 Obs_used:       0 Obs_tot:       0 Ses_used:     0 Ses_tot:     0 Date_beg:            Date_end:           
STA_GCU:  SOURDOGH_871201  U:         -151.50 -+    233.018  E:          149.09 -+     35.544  N:           50.61 -+     27.910
STA_CRL:  SOURDOGH_871201  C:   .790  -.917  -.899   .999   .790  -.917   .789   .999  -.899   .791  -.915  -.898   .999  -.917  -.900
STA_GCX:  SVERT13V         X:   2730078312.74 -+   5511.355  Y:   1562224988.57 -+   5039.124  Z:   5530074463.38 -+   7809.065 Obs_used:    2003 Obs_tot:    2376 Ses_used:     1 Ses_tot:     1 Date_beg: 2020.11.09 Date_end: 2020.11.09
STA_GCU:  SVERT13V         U:         1497.05 -+   8949.798  E:        -6857.85 -+   4425.230  N:          672.84 -+   4131.313
STA_CRL:  SVERT13V         C:   .294   .588   .377  -.000  -.294  -.588  -.294  -.000  -.377   .294  -.588  -.377  -.000   .588   .377
STA_GCX:  SVETLOE          X:   2730173682.78 -+      1.689  Y:   1562442898.78 -+      0.900  Z:   5529969195.78 -+      0.846 Obs_used:  623945 Obs_tot:  648116 Ses_used:   641 Ses_tot:   641 Date_beg: 2003.03.06 Date_end: 2020.12.29
STA_GCU:  SVETLOE          U:           75.70 -+      0.961  E:           73.55 -+      1.401  N:          -44.98 -+      1.221
STA_CRL:  SVETLOE          C:  -.495   .112  -.458   .679  -.249   .022  -.204   .408  -.187  -.338  -.019  -.130   .184  -.272   .015
STA_GCX:  SYOWA            X:   1766194161.36 -+      2.526  Y:   1460410996.23 -+      1.403  Z:  -5932273279.11 -+      1.553 Obs_used:   30714 Obs_tot:   31481 Ses_used:   105 Ses_tot:   105 Date_beg: 1999.11.08 Date_end: 2020.12.08
STA_GCU:  SYOWA            U:          -40.20 -+      1.778  E:          108.85 -+      2.246  N:           34.50 -+      1.598
STA_CRL:  SYOWA            C:  -.369  -.165  -.323   .503  -.138  -.150  -.107   .274  -.188   .029  -.072  -.142   .307  -.345  -.303
STA_GCX:  TATEYAMA         X:  -4000983242.84 -+      9.879  Y:   3375275981.81 -+      7.998  Z:   3632213457.91 -+      8.552 Obs_used:   23064 Obs_tot:   24080 Ses_used:    20 Ses_tot:    20 Date_beg: 1997.11.01 Date_end: 2001.06.11
STA_GCU:  TATEYAMA         U:           46.70 -+     14.277  E:           26.01 -+      3.419  N:           75.82 -+      4.379
STA_CRL:  TATEYAMA         C:  -.851  -.784   .762   .985  -.851  -.786  -.844   .986   .762  -.854  -.778   .762   .981  -.792   .772
STA_GCX:  TATEYAMA_000901  X:  -4000983244.99 -+      8.270  Y:   3375275943.33 -+      6.681  Z:   3632213478.57 -+      7.154 Obs_used:       0 Obs_tot:       0 Ses_used:     0 Ses_tot:     0 Date_beg:            Date_end:           
STA_GCU:  TATEYAMA_000901  U:           39.54 -+     11.911  E:           56.80 -+      2.944  N:          106.03 -+      3.697
STA_CRL:  TATEYAMA_000901  C:  -.842  -.780   .754   .976  -.842  -.779  -.833   .978   .754  -.854  -.771   .755   .972  -.792   .772
STA_GCX:  TIANMA65         X:  -2826708697.11 -+      2.678  Y:   4679237072.91 -+      2.903  Z:   3274667635.49 -+      2.322 Obs_used:   19626 Obs_tot:   20064 Ses_used:    27 Ses_tot:    27 Date_beg: 2014.05.27 Date_end: 2020.10.07
STA_GCU:  TIANMA65         U:           83.55 -+      3.847  E:           42.21 -+      1.911  N:           59.96 -+      1.593
STA_CRL:  TIANMA65         C:  -.560  -.534   .604  -.466   .683   .522   .493  -.817  -.635  -.792   .417  -.691  -.727  -.706   .784
STA_GCX:  TIDBIN64         X:  -4460895354.05 -+      4.370  Y:   2682361498.33 -+      2.874  Z:  -3674747420.97 -+      4.735 Obs_used:    2228 Obs_tot:    2255 Ses_used:    10 Ses_tot:    10 Date_beg: 2003.08.09 Date_end: 2015.05.16
STA_GCU:  TIDBIN64         U:          -32.74 -+      6.008  E:           45.23 -+      2.117  N:          130.13 -+      3.032
STA_CRL:  TIDBIN64         C:  -.600   .534  -.671   .344  -.066  -.038  -.071   .194  -.055  -.377  -.064  -.065   .117   .026  -.062
STA_GCX:  TIGOCONC         X:   1492054628.96 -+      2.106  Y:  -4887960943.90 -+      1.990  Z:  -3803541112.23 -+      1.566 Obs_used:  248226 Obs_tot:  255552 Ses_used:  1221 Ses_tot:  1221 Date_beg: 2002.05.13 Date_end: 2014.05.29
STA_GCU:  TIGOCONC         U:          -79.33 -+      2.266  E:           93.30 -+      1.819  N:            1.50 -+      1.550
STA_CRL:  TIGOCONC         C:  -.464  -.088   .320   .606  -.441  -.246  -.277   .774   .484  -.396  -.158   .504   .800  -.274   .563
STA_GCX:  TIGOCONC_100227  X:   1492051628.22 -+      1.982  Y:  -4887961403.81 -+      1.344  Z:  -3803541610.95 -+      1.033 Obs_used:       0 Obs_tot:       0 Ses_used:     0 Ses_tot:     0 Date_beg:            Date_end:           
STA_GCU:  TIGOCONC_100227  U:         -129.37 -+      1.349  E:        -2910.98 -+      1.735  N:         -659.17 -+      1.405
STA_CRL:  TIGOCONC_100227  C:  -.496   .055  -.219   .453  -.301  -.078  -.140   .358   .115  -.396  -.037   .122   .355  -.274   .563
STA_GCX:  TIGOWTZL         X:   4075572447.49 -+      2.439  Y:    931755528.93 -+      1.135  Z:   4801584567.42 -+      2.189 Obs_used:    9556 Obs_tot:   10100 Ses_used:    20 Ses_tot:    20 Date_beg: 1997.12.08 Date_end: 2000.12.18
STA_GCU:  TIGOWTZL         U:           65.66 -+      2.924  E:          115.83 -+      1.294  N:          -26.35 -+      1.343
STA_CRL:  TIGOWTZL         C:  -.128   .656   .091   .502  -.256   .027  -.158   .323  -.078  -.435   .001  -.118   .063  -.294   .057
STA_GCX:  TOULOUSE         X:   4627950028.65 -+     15.131  Y:    119843720.27 -+      3.504  Z:   4372862971.85 -+     14.301 Obs_used:     229 Obs_tot:     229 Ses_used:     2 Ses_tot:     2 Date_beg: 1992.05.11 Date_end: 1992.05.12
STA_GCU:  TOULOUSE         U:           -0.96 -+     20.513  E:          145.64 -+      3.508  N:           17.26 -+      3.560
STA_CRL:  TOULOUSE         C:   .043   .941   .109   .000   .000   .000   .000   .000   .000   .000   .000   .000   .000   .000   .000
STA_GCX:  TROMSONO         X:   2102903772.82 -+     56.490  Y:    721603017.17 -+     37.890  Z:   5958201531.16 -+    130.550 Obs_used:    1558 Obs_tot:    1558 Ses_used:     8 Ses_tot:     8 Date_beg: 1989.07.30 Date_end: 1992.08.29
STA_GCU:  TROMSONO         U:           74.23 -+    141.397  E:           65.04 -+     32.481  N:          -50.21 -+     24.937
STA_CRL:  TROMSONO         C:   .430   .899   .469   .998   .432   .891   .419   .998   .455   .423   .900   .474   .998   .896   .461
STA_GCX:  TRYSILNO         X:   2988029014.96 -+    105.539  Y:    655957325.13 -+     36.491  Z:   5578669480.50 -+    192.854 Obs_used:    3049 Obs_tot:    3049 Ses_used:    15 Ses_tot:    15 Date_beg: 1991.11.08 Date_end: 1993.03.22
STA_GCU:  TRYSILNO         U:           43.51 -+    219.069  E:           88.32 -+     28.171  N:          -28.65 -+     29.630
STA_CRL:  TRYSILNO         C:   .613   .949   .625   .000   .612   .948   .612   .999   .624   .611   .948   .624   .000   .948   .623
STA_GCX:  TSUKUB32         X:  -3957408830.71 -+      1.899  Y:   3310229470.61 -+      1.107  Z:   3737494824.53 -+      1.315 Obs_used:  886185 Obs_tot:  913094 Ses_used:   824 Ses_tot:   824 Date_beg: 1998.10.07 Date_end: 2016.12.27
STA_GCU:  TSUKUB32         U:           58.64 -+      1.647  E:           21.88 -+      1.413  N:           76.71 -+      1.361
STA_CRL:  TSUKUB32         C:  -.101  -.279  -.280   .701  -.032  -.287  -.043   .567  -.111   .010  -.201  -.083   .457  -.354   .119
STA_GCX:  TSUKUB32_080614  X:  -3957408830.24 -+      1.875  Y:   3310229466.91 -+      1.076  Z:   3737494823.15 -+      1.272 Obs_used:       0 Obs_tot:       0 Ses_used:     0 Ses_tot:     0 Date_beg:            Date_end:           
STA_GCU:  TSUKUB32_080614  U:           55.61 -+      1.585  E:           24.42 -+      1.401  N:           77.20 -+      1.347
STA_CRL:  TSUKUB32_080614  C:  -.083  -.266  -.338   .671   .003  -.256  -.016   .512  -.162   .010  -.174  -.132   .395  -.354   .119
STA_GCX:  TSUKUB32_110311  X:  -3957409142.50 -+      1.864  Y:   3310228957.65 -+      1.061  Z:   3737494800.18 -+      1.248 Obs_used:       0 Obs_tot:       0 Ses_used:     0 Ses_tot:     0 Date_beg:            Date_end:           
STA_GCU:  TSUKUB32_110311  U:          -28.39 -+      1.554  E:          615.39 -+      1.396  N:          110.05 -+      1.341
STA_CRL:  TSUKUB32_110311  C:  -.074  -.259  -.370   .640   .035  -.220   .008   .456  -.210   .010  -.146  -.175   .329  -.354   .119
STA_GCX:  TSUKUBA          X:  -3957172997.51 -+      5.373  Y:   3310238053.59 -+      4.447  Z:   3737708983.92 -+      4.949 Obs_used:    1178 Obs_tot:    1420 Ses_used:    11 Ses_tot:    11 Date_beg: 1984.07.18 Date_end: 1991.07.31
STA_GCU:  TSUKUBA          U:           70.02 -+      7.864  E:           16.92 -+      2.332  N:           81.27 -+      2.419
STA_CRL:  TSUKUBA          C:  -.769  -.778   .746   .295  -.034  -.109  -.046   .208   .012   .010  -.105   .010   .188  -.351   .117
STA_GCX:  UCHINOUR         X:  -3586229483.83 -+      2.874  Y:   4114103665.64 -+      2.899  Z:   3290224740.22 -+      2.734 Obs_used:    1913 Obs_tot:    1948 Ses_used:     1 Ses_tot:     1 Date_beg: 2012.02.14 Date_end: 2012.02.14
STA_GCU:  UCHINOUR         U:           63.47 -+      4.231  E:           41.16 -+      1.848  N:           67.02 -+      1.680
STA_CRL:  UCHINOUR         C:  -.594  -.611   .643   .000   .000   .000   .000   .000   .000   .000   .000   .000   .000   .000   .000
STA_GCX:  URUMQI           X:    228310145.64 -+      1.916  Y:   4631922808.01 -+      1.037  Z:   4367064133.71 -+      1.127 Obs_used:  141649 Obs_tot:  146257 Ses_used:   196 Ses_tot:   196 Date_beg: 1997.08.20 Date_end: 2020.11.12
STA_GCU:  URUMQI           U:           86.79 -+      1.014  E:           36.22 -+      1.928  N:            8.26 -+      1.127
STA_CRL:  URUMQI           C:  -.275  -.091  -.091   .638  -.094  -.099  -.077   .521   .122  -.130  -.066   .120   .377  -.225   .455
STA_GCX:  URUMQI___140601  X:    228310154.74 -+      1.922  Y:   4631922963.32 -+      1.093  Z:   4367064275.69 -+      1.170 Obs_used:       0 Obs_tot:       0 Ses_used:     0 Ses_tot:     0 Date_beg:            Date_end:           
STA_GCU:  URUMQI___140601  U:          297.37 -+      1.105  E:           34.78 -+      1.935  N:            4.27 -+      1.138
STA_CRL:  URUMQI___140601  C:  -.263  -.090  -.017   .580  -.091  -.102  -.077   .002  -.281  -.130  -.068  -.245  -.086  -.225   .455
STA_GCX:  USUDA64          X:  -3855355738.63 -+     42.357  Y:   3427427504.82 -+     40.012  Z:   3740971385.55 -+     52.577 Obs_used:     113 Obs_tot:     126 Ses_used:     1 Ses_tot:     1 Date_beg: 1990.07.30 Date_end: 1990.07.30
STA_GCU:  USUDA64          U:           61.01 -+     62.457  E:          164.65 -+      9.996  N:           35.39 -+     46.461
STA_CRL:  USUDA64          C:  -.942  -.329   .202   .000   .000   .000   .000   .000   .000   .000   .000   .000   .000   .000   .000
STA_GCX:  VERAISGK         X:  -3263995220.55 -+      7.794  Y:   4808056371.48 -+     10.554  Z:   2619948938.27 -+      6.323 Obs_used:   10307 Obs_tot:   11027 Ses_used:    23 Ses_tot:    23 Date_beg: 2009.10.20 Date_end: 2015.02.17
STA_GCU:  VERAISGK         U:           62.84 -+     13.759  E:           42.67 -+      3.352  N:           72.81 -+      3.398
STA_CRL:  VERAISGK         C:  -.857  -.758   .801   .930  -.845  -.739  -.817   .953   .774  -.887  -.726   .787   .944  -.785   .824
STA_GCX:  VERAISGK_110311  X:  -3263995201.22 -+      3.674  Y:   4808056336.34 -+      4.417  Z:   2619948922.89 -+      2.764 Obs_used:       0 Obs_tot:       0 Ses_used:     0 Ses_tot:     0 Date_beg:            Date_end:           
STA_GCU:  VERAISGK_110311  U:           20.13 -+      5.735  E:           46.42 -+      2.154  N:           75.30 -+      1.766
STA_CRL:  VERAISGK_110311  C:  -.713  -.660   .688   .584  -.557  -.483  -.481   .645   .497  -.887  -.442   .527   .609  -.785   .824
STA_GCX:  VERAMZSW_080614  X:  -3857241979.57 -+      2.589  Y:   3108784890.30 -+      1.899  Z:   4003900584.57 -+      2.128 Obs_used:   35472 Obs_tot:   37916 Ses_used:    64 Ses_tot:    64 Date_beg: 2009.10.20 Date_end: 2020.03.17
STA_GCU:  VERAMZSW_080614  U:           61.15 -+      3.178  E:           16.52 -+      1.511  N:           74.74 -+      1.569
STA_CRL:  VERAMZSW_080614  C:  -.529  -.571   .428   .546  -.412  -.418  -.345   .568   .354  -.776  -.354   .367   .542  -.752   .743
STA_GCX:  VERAMZSW_110311  X:  -3857243901.37 -+      2.114  Y:   3108783599.76 -+      1.398  Z:   4003899590.63 -+      1.633 Obs_used:       0 Obs_tot:       0 Ses_used:     0 Ses_tot:     0 Date_beg:            Date_end:           
STA_GCU:  VERAMZSW_110311  U:          -33.67 -+      2.249  E:         2227.30 -+      1.405  N:        -1129.49 -+      1.434
STA_CRL:  VERAMZSW_110311  C:  -.336  -.427   .140  -.050   .271   .205   .200  -.203  -.303  -.776   .172  -.325  -.277  -.752   .743
STA_GCX:  VERNAL           X:  -1631473482.63 -+     60.174  Y:  -4589129220.07 -+    153.252  Z:   4106759854.25 -+    131.367 Obs_used:    1598 Obs_tot:    1598 Ses_used:     8 Ses_tot:     8 Date_beg: 1986.03.30 Date_end: 1990.10.22
STA_GCU:  VERNAL           U:          -99.37 -+    206.892  E:          165.69 -+     23.051  N:           -9.76 -+     32.076
STA_CRL:  VERNAL           C:   .914  -.895  -.951   .998   .913  -.893   .912   .998  -.948   .914  -.894  -.950   .998  -.895  -.951
STA_GCX:  VICTORIA         X:  -2341309985.82 -+     10.507  Y:  -3539083950.59 -+     15.669  Z:   4745768338.70 -+     20.010 Obs_used:     521 Obs_tot:     521 Ses_used:     3 Ses_tot:     3 Date_beg: 1990.08.01 Date_end: 1990.08.03
STA_GCU:  VICTORIA         U:           -2.71 -+     27.020  E:          112.51 -+      3.731  N:           -6.43 -+      3.511
STA_CRL:  VICTORIA         C:   .908  -.937  -.953   .000   .000   .000   .000   .000   .000   .000   .000   .000   .000   .000   .000
STA_GCX:  VNDNBERG         X:  -2678095005.13 -+     12.418  Y:  -4525449808.28 -+     20.672  Z:   3597410272.43 -+     16.892 Obs_used:   46324 Obs_tot:   46445 Ses_used:   179 Ses_tot:   179 Date_beg: 1983.08.22 Date_end: 1991.07.28
STA_GCU:  VNDNBERG         U:         -621.90 -+     28.566  E:          273.16 -+      4.638  N:         -124.85 -+      5.416
STA_CRL:  VNDNBERG         C:   .905  -.879  -.914   .992   .901  -.876   .900   .996  -.910   .896  -.871  -.906   .993  -.873  -.904
STA_GCX:  WARK12M          X:  -5115324479.63 -+      2.257  Y:    477843253.96 -+      1.319  Z:  -3767192701.99 -+      1.284 Obs_used:  406306 Obs_tot:  411560 Ses_used:   593 Ses_tot:   593 Date_beg: 2011.02.28 Date_end: 2020.12.08
STA_GCU:  WARK12M          U:          -40.34 -+      1.674  E:           30.58 -+      1.302  N:           98.26 -+      1.997
STA_CRL:  WARK12M          C:  -.131  -.413  -.215   .305  -.010  -.314   .024   .331  -.087  -.288  -.242  -.075   .107   .237  -.086
STA_GCX:  WESTFORD         X:   1492206455.38 -+      1.536  Y:  -4458130466.26 -+      0.909  Z:   4296015654.36 -+      0.887 Obs_used: 1395161 Obs_tot: 1428624 Ses_used:  2300 Ses_tot:  2300 Date_beg: 1981.05.13 Date_end: 2020.06.24
STA_GCU:  WESTFORD         U:           11.65 -+      1.260  E:          145.15 -+      1.337  N:           60.43 -+      0.772
STA_CRL:  WESTFORD         C:  -.497   .158  -.529   .697  -.288   .053  -.221   .451  -.252  -.202   .023  -.213   .323  -.103   .009
STA_GCX:  WETTZ13N         X:   4075627686.28 -+      1.693  Y:    931774401.38 -+      0.933  Z:   4801552409.58 -+      0.836 Obs_used:  374745 Obs_tot:  389488 Ses_used:   357 Ses_tot:   357 Date_beg: 2015.06.09 Date_end: 2020.12.22
STA_GCU:  WETTZ13N         U:           65.56 -+      1.263  E:          115.34 -+      1.160  N:          -26.00 -+      1.222
STA_CRL:  WETTZ13N         C:  -.549   .187  -.484   .715  -.312   .066  -.227   .378  -.205  -.435  -.003  -.145   .139  -.294   .057
STA_GCX:  WETTZ13S         X:   4075658992.47 -+      1.696  Y:    931824907.65 -+      0.935  Z:   4801516275.29 -+      0.854 Obs_used:   81273 Obs_tot:   86037 Ses_used:    36 Ses_tot:    36 Date_beg: 2017.12.03 Date_end: 2020.06.24
STA_GCU:  WETTZ13S         U:          127.52 -+      1.276  E:          123.22 -+      1.163  N:          -29.30 -+      1.224
STA_CRL:  WETTZ13S         C:  -.549   .193  -.477   .712  -.312   .062  -.227   .375  -.202  -.435  -.003  -.145   .135  -.294   .057
STA_GCX:  WETTZELL         X:   4075539650.74 -+      1.690  Y:    931735669.74 -+      0.931  Z:   4801629573.62 -+      0.827 Obs_used: 2771766 Obs_tot: 2838169 Ses_used:  3918 Ses_tot:  3918 Date_beg: 1983.11.16 Date_end: 2020.12.29
STA_GCU:  WETTZELL         U:           65.16 -+      1.254  E:          114.84 -+      1.159  N:          -25.47 -+      1.221
STA_CRL:  WETTZELL         C:  -.553   .182  -.494   .721  -.314   .069  -.229   .384  -.207  -.438  -.001  -.145   .149  -.296   .058
STA_GCX:  WHTHORSE         X:  -2215212735.90 -+    251.172  Y:  -2209260435.06 -+    234.263  Z:   5540290163.08 -+    561.171 Obs_used:    1973 Obs_tot:    1990 Ses_used:     9 Ses_tot:     9 Date_beg: 1984.08.07 Date_end: 1989.08.10
STA_GCU:  WHTHORSE         U:          -11.76 -+    646.807  E:          104.02 -+     82.962  N:           25.21 -+     87.387
STA_CRL:  WHTHORSE         C:   .885  -.916  -.937   .998   .885  -.916   .884   .999  -.936   .885  -.915  -.936   .999  -.917  -.937
STA_GCX:  WHTHORSE_871201  X:  -2215212864.98 -+    227.166  Y:  -2209260556.46 -+    212.172  Z:   5540290367.15 -+    507.888 Obs_used:       0 Obs_tot:       0 Ses_used:     0 Ses_tot:     0 Date_beg:            Date_end:           
STA_GCU:  WHTHORSE_871201  U:          252.87 -+    585.474  E:           98.83 -+     74.985  N:          -29.43 -+     78.541
STA_CRL:  WHTHORSE_871201  C:   .885  -.917  -.937   .000   .885  -.917   .885   .000  -.937   .885  -.917  -.936   .000  -.917  -.937
STA_GCX:  YAKATAGA         X:  -2529744629.61 -+    118.439  Y:  -1942090780.14 -+     96.092  Z:   5505028641.48 -+    244.703 Obs_used:    3556 Obs_tot:    3598 Ses_used:    16 Ses_tot:    16 Date_beg: 1984.07.31 Date_end: 1990.06.10
STA_GCU:  YAKATAGA         U:         -129.76 -+    282.374  E:          104.66 -+     44.331  N:           17.93 -+     37.959
STA_CRL:  YAKATAGA         C:   .823  -.907  -.923   .999   .819  -.905   .817   .998  -.921   .815  -.904  -.922   .999  -.904  -.923
STA_GCX:  YAKATAGA_871201  X:  -2529744658.50 -+    107.515  Y:  -1942090741.07 -+     87.300  Z:   5505028528.83 -+    222.081 Obs_used:       0 Obs_tot:       0 Ses_used:     0 Ses_tot:     0 Date_beg:            Date_end:           
STA_GCU:  YAKATAGA_871201  U:         -227.83 -+    256.206  E:           56.07 -+     40.939  N:          -37.49 -+     34.398
STA_CRL:  YAKATAGA_871201  C:   .817  -.905  -.923   .999   .816  -.904   .815   .999  -.922   .815  -.903  -.922   .999  -.904  -.923
STA_GCX:  YARRA12M         X:  -2388896279.64 -+      2.432  Y:   5043350012.18 -+      1.210  Z:  -3078590723.98 -+      1.203 Obs_used:  872151 Obs_tot:  888566 Ses_used:  1141 Ses_tot:  1141 Date_beg: 2011.05.26 Date_end: 2020.12.21
STA_GCU:  YARRA12M         U:           10.00 -+      1.425  E:           81.36 -+      2.171  N:          102.80 -+      1.443
STA_CRL:  YARRA12M         C:  -.170  -.394  -.065   .614  -.002  -.322  -.046   .232  -.023  -.277  -.190  -.016   .209  -.261   .241
STA_GCX:  YEBES            X:   4848780161.34 -+      2.425  Y:   -261701616.81 -+      1.089  Z:   4123035962.11 -+      1.799 Obs_used:   18297 Obs_tot:   18584 Ses_used:    36 Ses_tot:    36 Date_beg: 1995.06.08 Date_end: 2003.07.15
STA_GCU:  YEBES            U:           50.91 -+      2.770  E:          143.81 -+      1.042  N:           -9.17 -+      1.245
STA_CRL:  YEBES            C:  -.402   .655  -.283   .553  -.280   .130  -.153   .357  -.095  -.359   .074  -.125   .177  -.034   .077
STA_GCX:  YEBES40M         X:   4848761833.01 -+      1.672  Y:   -261484035.65 -+      0.964  Z:   4123085054.52 -+      0.852 Obs_used:  451040 Obs_tot:  466026 Ses_used:   365 Ses_tot:   365 Date_beg: 2008.10.20 Date_end: 2020.12.14
STA_GCU:  YEBES40M         U:           49.56 -+      1.529  E:          142.89 -+      0.914  N:           -8.79 -+      1.130
STA_CRL:  YEBES40M         C:  -.573   .242  -.519   .680  -.324   .081  -.230   .358  -.212  -.362   .006  -.146   .132  -.035   .078
STA_GCX:  YELLOWKN         X:  -1224124884.62 -+      5.579  Y:  -2689530713.47 -+     11.169  Z:   5633555409.34 -+     22.717 Obs_used:     832 Obs_tot:     836 Ses_used:     2 Ses_tot:     2 Date_beg: 1984.08.24 Date_end: 1985.09.04
STA_GCU:  YELLOWKN         U:           28.92 -+     25.456  E:           78.71 -+      3.161  N:          120.54 -+      3.737
STA_CRL:  YELLOWKN         C:   .792  -.807  -.931   .414   .078  -.085   .132   .274  -.169   .213  -.179  -.213   .243  -.350  -.617
STA_GCX:  YLOW7296         X:  -1224399813.94 -+      1.921  Y:  -2689273317.78 -+      1.993  Z:   5633620350.14 -+      3.189 Obs_used:   27111 Obs_tot:   27456 Ses_used:    88 Ses_tot:    88 Date_beg: 1991.06.30 Date_end: 2006.08.02
STA_GCU:  YLOW7296         U:           30.96 -+      3.573  E:           84.01 -+      1.874  N:           96.70 -+      1.247
STA_CRL:  YLOW7296         C:   .079  -.253  -.708   .808   .193  -.313   .163   .847  -.646   .215  -.266  -.639   .908  -.352  -.620
STA_GCX:  YUMA             X:  -2196778149.18 -+     61.172  Y:  -4887337475.70 -+    133.909  Z:   3448425275.12 -+     94.049 Obs_used:    4580 Obs_tot:    4604 Ses_used:    20 Ses_tot:    20 Date_beg: 1983.11.05 Date_end: 1988.10.21
STA_GCU:  YUMA             U:           -5.20 -+    172.028  E:          222.68 -+     17.482  N:           -4.83 -+     24.888
STA_CRL:  YUMA             C:   .950  -.919  -.949   .999   .950  -.919   .950   .999  -.949   .951  -.918  -.948   .999  -.919  -.950
STA_GCX:  ZELENCHK         X:   3451207512.21 -+      1.882  Y:   3060375540.91 -+      1.019  Z:   4391915104.11 -+      1.069 Obs_used:  610909 Obs_tot:  630964 Ses_used:   606 Ses_tot:   606 Date_beg: 2005.12.22 Date_end: 2020.12.03
STA_GCU:  ZELENCHK         U:           81.37 -+      1.321  E:           89.90 -+      1.682  N:          -21.06 -+      1.073
STA_CRL:  ZELENCHK         C:  -.361   .229  -.083   .667  -.187   .087  -.168   .402  -.065  -.352   .020  -.032   .194  -.161   .205
STA_GCX:  ZELENCHK_070701  X:   3451207512.91 -+      1.817  Y:   3060375539.28 -+      0.928  Z:   4391915099.11 -+      0.855 Obs_used:       0 Obs_tot:       0 Ses_used:     0 Ses_tot:     0 Date_beg:            Date_end:           
STA_GCU:  ZELENCHK_070701  U:           77.51 -+      0.990  E:           88.21 -+      1.672  N:          -24.28 -+      1.057
STA_CRL:  ZELENCHK_070701  C:  -.514   .115  -.409   .655  -.255   .020  -.208   .370  -.183  -.352  -.024  -.110   .098  -.161   .205
